ITLB:
   Load Hits:      2663079720
   Load Misses:      26380863
   Load Accesses:  2689460583
   Load Miss Rate:      0.98%

  Store Hits:               0
  Store Misses:             0
  Store Accesses:           0
  Store Miss Rate:       nan%

  Total Hits:      2663079720
  Total Misses:      26380863
  Total Accesses:  2689460583
  Total Miss Rate:      0.98%
  Flushes:                  0
  Stat Resets:              0

DTLB:
   Load Hits:       469456268
   Load Misses:     436102156
   Load Accesses:   905558424
   Load Miss Rate:     48.16%

  Store Hits:               0
  Store Misses:             0
  Store Accesses:           0
  Store Miss Rate:       nan%

  Total Hits:       469456268
  Total Misses:     436102156
  Total Accesses:   905558424
  Total Miss Rate:     48.16%
  Flushes:                  0
  Stat Resets:              0

L1 Instruction Cache:
   Load Hits:      2576783958
   Load Misses:     112676625
   Load Accesses:  2689460583
   Load Miss Rate:      4.19%

  Store Hits:               0
  Store Misses:             0
  Store Accesses:           0
  Store Miss Rate:       nan%

  Total Hits:      2576783958
  Total Misses:     112676625
  Total Accesses:  2689460583
  Total Miss Rate:      4.19%
  Flushes:                  0
  Stat Resets:              0

L1 Data Cache:
   Load Hits:      3734094775
   Load Misses:    1320374713
   Load Accesses:   759502192
   Load Miss Rate:    173.85%

  Store Hits:      2994705255
  Store Misses:    1446318273
  Store Accesses:   146056232
  Store Miss Rate:    990.25%

  Total Hits:      2433832734
  Total Misses:    2766692986
  Total Accesses:   905558424
  Total Miss Rate:    305.52%
  Flushes:                  0
  Stat Resets:              0

L2 Unified Cache:
   Load Hits:       909777542
   Load Misses:     523273796
   Load Accesses:  1433051338
   Load Miss Rate:     36.51%

  Store Hits:      1326529950
  Store Misses:     119788323
  Store Accesses:  1446318273
  Store Miss Rate:      8.28%

  Total Hits:      2236307492
  Total Misses:     643062119
  Total Accesses:  2879369611
  Total Miss Rate:     22.33%
  Flushes:                  0
  Stat Resets:              0

L3 Unified Cache:
   Load Hits:       364672128
   Load Misses:     158601668
   Load Accesses:   523273796
   Load Miss Rate:     30.31%

  Store Hits:        83095107
  Store Misses:      36693216
  Store Accesses:   119788323
  Store Miss Rate:     30.63%

  Total Hits:       447767235
  Total Misses:     195294884
  Total Accesses:   643062119
  Total Miss Rate:     30.37%
  Flushes:                  0
  Stat Resets:              0


---------
Page Table depth: 3
Total Instructions: 75703904615

Total Instruction Memory Access: 79396806
Total Instruction TLB Miss: 26380863
Total Instruction L3 Miss: 254217
Total Instruction Page Table Access: 79142589

Total Data Memory Access: 1503347135
Total Data TLB Miss: 436102156
Total Data L3 Miss: 195040667
Total Data Page Table Access: 1308306468

