ITLB:
   Load Hits:       666970987
   Load Misses:      45723748
   Load Accesses:   712694735
   Load Miss Rate:      6.42%

  Store Hits:               0
  Store Misses:             0
  Store Accesses:           0
  Store Miss Rate:       nan%

  Total Hits:       666970987
  Total Misses:      45723748
  Total Accesses:   712694735
  Total Miss Rate:      6.42%
  Flushes:                  0
  Stat Resets:              0

DTLB:
   Load Hits:      3974716323
   Load Misses:     427915043
   Load Accesses:   107664070
   Load Miss Rate:    397.45%

  Store Hits:               0
  Store Misses:             0
  Store Accesses:           0
  Store Miss Rate:       nan%

  Total Hits:      3974716323
  Total Misses:     427915043
  Total Accesses:   107664070
  Total Miss Rate:    397.45%
  Flushes:                  0
  Stat Resets:              0

L1 Instruction Cache:
   Load Hits:       567522218
   Load Misses:     145172517
   Load Accesses:   712694735
   Load Miss Rate:     20.37%

  Store Hits:               0
  Store Misses:             0
  Store Accesses:           0
  Store Miss Rate:       nan%

  Total Hits:       567522218
  Total Misses:     145172517
  Total Accesses:   712694735
  Total Miss Rate:     20.37%
  Flushes:                  0
  Stat Resets:              0

L1 Data Cache:
   Load Hits:      4206256793
   Load Misses:     675008654
   Load Accesses:   586298151
   Load Miss Rate:    115.13%

  Store Hits:      1917410406
  Store Misses:    1898922809
  Store Accesses:  3816333215
  Store Miss Rate:     49.76%

  Total Hits:      1828699903
  Total Misses:    2573931463
  Total Accesses:   107664070
  Total Miss Rate:   2390.71%
  Flushes:                  0
  Stat Resets:              0

L2 Unified Cache:
   Load Hits:       698633728
   Load Misses:     121547443
   Load Accesses:   820181171
   Load Miss Rate:     14.82%

  Store Hits:      1872066076
  Store Misses:      26856733
  Store Accesses:  1898922809
  Store Miss Rate:      1.41%

  Total Hits:      2570699804
  Total Misses:     148404176
  Total Accesses:  2719103980
  Total Miss Rate:      5.46%
  Flushes:                  0
  Stat Resets:              0

L3 Unified Cache:
   Load Hits:        90089532
   Load Misses:      31457911
   Load Accesses:   121547443
   Load Miss Rate:     25.88%

  Store Hits:        16681284
  Store Misses:      10175449
  Store Accesses:    26856733
  Store Miss Rate:     37.89%

  Total Hits:       106770816
  Total Misses:      41633360
  Total Accesses:   148404176
  Total Miss Rate:     28.05%
  Flushes:                  0
  Stat Resets:              0


---------
Page Table depth: 3
Total Instructions: 56547269583

Total Instruction Memory Access: 138623397
Total Instruction TLB Miss: 45723748
Total Instruction L3 Miss: 1452153
Total Instruction Page Table Access: 137171244

Total Data Memory Access: 1323926336
Total Data TLB Miss: 427915043
Total Data L3 Miss: 40181207
Total Data Page Table Access: 1283745129

