ITLB:
   Load Hits:      3663681595
   Load Misses:       1284844
   Load Accesses:  3664966439
   Load Miss Rate:      0.04%

  Store Hits:               0
  Store Misses:             0
  Store Accesses:           0
  Store Miss Rate:       nan%

  Total Hits:      3663681595
  Total Misses:       1284844
  Total Accesses:  3664966439
  Total Miss Rate:      0.04%
  Flushes:                  0
  Stat Resets:              0

DTLB:
   Load Hits:       196759752
   Load Misses:     985190908
   Load Accesses:  1181950660
   Load Miss Rate:     83.35%

  Store Hits:               0
  Store Misses:             0
  Store Accesses:           0
  Store Miss Rate:       nan%

  Total Hits:       196759752
  Total Misses:     985190908
  Total Accesses:  1181950660
  Total Miss Rate:     83.35%
  Flushes:                  0
  Stat Resets:              0

L1 Instruction Cache:
   Load Hits:      3664528351
   Load Misses:        438088
   Load Accesses:  3664966439
   Load Miss Rate:      0.01%

  Store Hits:               0
  Store Misses:             0
  Store Accesses:           0
  Store Miss Rate:       nan%

  Total Hits:      3664528351
  Total Misses:        438088
  Total Accesses:  3664966439
  Total Miss Rate:      0.01%
  Flushes:                  0
  Stat Resets:              0

L1 Data Cache:
   Load Hits:      2069613965
   Load Misses:    2046908930
   Load Accesses:  4116522895
   Load Miss Rate:     49.72%

  Store Hits:       862871965
  Store Misses:     497523096
  Store Accesses:  1360395061
  Store Miss Rate:     36.57%

  Total Hits:      2932485930
  Total Misses:    2544432026
  Total Accesses:  1181950660
  Total Miss Rate:    215.27%
  Flushes:                  0
  Stat Resets:              0

L2 Unified Cache:
   Load Hits:      1162519502
   Load Misses:     884827516
   Load Accesses:  2047347018
   Load Miss Rate:     43.22%

  Store Hits:      4242326500
  Store Misses:     550163892
  Store Accesses:   497523096
  Store Miss Rate:    110.58%

  Total Hits:      1109878706
  Total Misses:    1434991408
  Total Accesses:  2544870114
  Total Miss Rate:     56.39%
  Flushes:                  0
  Stat Resets:              0

L3 Unified Cache:
   Load Hits:      1268479097
   Load Misses:    3911315715
   Load Accesses:   884827516
   Load Miss Rate:    442.04%

  Store Hits:        19221534
  Store Misses:     530942358
  Store Accesses:   550163892
  Store Miss Rate:     96.51%

  Total Hits:      1287700631
  Total Misses:     147290777
  Total Accesses:  1434991408
  Total Miss Rate:     10.26%
  Flushes:                  0
  Stat Resets:              0


---------
Page Table depth: 3
Total Instructions: 381622088487

Total Instruction Memory Access: 4110378
Total Instruction TLB Miss: 1284844
Total Instruction L3 Miss: 255846
Total Instruction Page Table Access: 3854532

Total Data Memory Access: 11692542247
Total Data TLB Miss: 985190908
Total Data L3 Miss: 8736969523
Total Data Page Table Access: 2955572724

