ITLB:
   Load Hits:           87616
   Load Misses:            42
   Load Accesses:       87658
   Load Miss Rate:      0.05%

  Store Hits:               0
  Store Misses:             0
  Store Accesses:           0
  Store Miss Rate:       nan%

  Total Hits:           87616
  Total Misses:            42
  Total Accesses:       87658
  Total Miss Rate:      0.05%
  Flushes:                  0
  Stat Resets:              0

DTLB:
   Load Hits:           32783
   Load Misses:           174
   Load Accesses:       32957
   Load Miss Rate:      0.53%

  Store Hits:               0
  Store Misses:             0
  Store Accesses:           0
  Store Miss Rate:       nan%

  Total Hits:           32783
  Total Misses:           174
  Total Accesses:       32957
  Total Miss Rate:      0.53%
  Flushes:                  0
  Stat Resets:              0

L1 Instruction Cache:
   Load Hits:           86498
   Load Misses:          1160
   Load Accesses:       87658
   Load Miss Rate:      1.32%

  Store Hits:               0
  Store Misses:             0
  Store Accesses:           0
  Store Miss Rate:       nan%

  Total Hits:           86498
  Total Misses:          1160
  Total Accesses:       87658
  Total Miss Rate:      1.32%
  Flushes:                  0
  Stat Resets:              0

L1 Data Cache:
   Load Hits:           20751
   Load Misses:          2135
   Load Accesses:       22886
   Load Miss Rate:      9.33%

  Store Hits:            7227
  Store Misses:          2844
  Store Accesses:       10071
  Store Miss Rate:     28.24%

  Total Hits:           27978
  Total Misses:          4979
  Total Accesses:       32957
  Total Miss Rate:     15.11%
  Flushes:                  0
  Stat Resets:              0

L2 Unified Cache:
   Load Hits:            1591
   Load Misses:          1704
   Load Accesses:        3295
   Load Miss Rate:     51.71%

  Store Hits:            2393
  Store Misses:           451
  Store Accesses:        2844
  Store Miss Rate:     15.86%

  Total Hits:            3984
  Total Misses:          2155
  Total Accesses:        6139
  Total Miss Rate:     35.10%
  Flushes:                  0
  Stat Resets:              0

L3 Unified Cache:
   Load Hits:               1
   Load Misses:          1703
   Load Accesses:        1704
   Load Miss Rate:     99.94%

  Store Hits:               0
  Store Misses:           451
  Store Accesses:         451
  Store Miss Rate:    100.00%

  Total Hits:               1
  Total Misses:          2154
  Total Accesses:        2155
  Total Miss Rate:     99.95%
  Flushes:                  0
  Stat Resets:              0


---------
Page Table depth: 3
Total Instructions: 87658

Total Instruction Memory Access: 795
Total Instruction TLB Miss: 42
Total Instruction L3 Miss: 669
Total Instruction Page Table Access: 126

Total Data Memory Access: 2007
Total Data TLB Miss: 174
Total Data L3 Miss: 1485
Total Data Page Table Access: 522

