ITLB:
   Load Hits:          163215
   Load Misses:            78
   Load Accesses:      163293
   Load Miss Rate:      0.05%

  Store Hits:               0
  Store Misses:             0
  Store Accesses:           0
  Store Miss Rate:       nan%

  Total Hits:          163215
  Total Misses:            78
  Total Accesses:      163293
  Total Miss Rate:      0.05%
  Flushes:                  0
  Stat Resets:              0

DTLB:
   Load Hits:           53611
   Load Misses:           223
   Load Accesses:       53834
   Load Miss Rate:      0.41%

  Store Hits:               0
  Store Misses:             0
  Store Accesses:           0
  Store Miss Rate:       nan%

  Total Hits:           53611
  Total Misses:           223
  Total Accesses:       53834
  Total Miss Rate:      0.41%
  Flushes:                  0
  Stat Resets:              0

L1 Instruction Cache:
   Load Hits:          161811
   Load Misses:          1482
   Load Accesses:      163293
   Load Miss Rate:      0.91%

  Store Hits:               0
  Store Misses:             0
  Store Accesses:           0
  Store Miss Rate:       nan%

  Total Hits:          161811
  Total Misses:          1482
  Total Accesses:      163293
  Total Miss Rate:      0.91%
  Flushes:                  0
  Stat Resets:              0

L1 Data Cache:
   Load Hits:           36409
   Load Misses:          4372
   Load Accesses:       40781
   Load Miss Rate:     10.72%

  Store Hits:            9805
  Store Misses:          3248
  Store Accesses:       13053
  Store Miss Rate:     24.88%

  Total Hits:           46214
  Total Misses:          7620
  Total Accesses:       53834
  Total Miss Rate:     14.15%
  Flushes:                  0
  Stat Resets:              0

L2 Unified Cache:
   Load Hits:            3070
   Load Misses:          2784
   Load Accesses:        5854
   Load Miss Rate:     47.56%

  Store Hits:            2752
  Store Misses:           496
  Store Accesses:        3248
  Store Miss Rate:     15.27%

  Total Hits:            5822
  Total Misses:          3280
  Total Accesses:        9102
  Total Miss Rate:     36.04%
  Flushes:                  0
  Stat Resets:              0

L3 Unified Cache:
   Load Hits:               5
   Load Misses:          2779
   Load Accesses:        2784
   Load Miss Rate:     99.82%

  Store Hits:               1
  Store Misses:           495
  Store Accesses:         496
  Store Miss Rate:     99.80%

  Total Hits:               6
  Total Misses:          3274
  Total Accesses:        3280
  Total Miss Rate:     99.82%
  Flushes:                  0
  Stat Resets:              0


---------
Page Table depth: 3
Total Instructions: 163293

Total Instruction Memory Access: 1101
Total Instruction TLB Miss: 78
Total Instruction L3 Miss: 867
Total Instruction Page Table Access: 234

Total Data Memory Access: 3076
Total Data TLB Miss: 223
Total Data L3 Miss: 2407
Total Data Page Table Access: 669

