runspec v6674 - Copyright 1999-2011 Standard Performance Evaluation Corporation
Using 'linux-suse10-amd64' tools
Reading MANIFEST... 22481 files
Loading runspec modules................
runspec v6674 started at Tue Oct 18 16:22:01 2016 on "x01.recod"
runspec is: /home/alberto/disciplinas/mo601/tools/SPEC/install/bin/runspec
runspec: runspec --config /home/alberto/disciplinas/mo601/mo601-projects/project2/src/Pintools-memory_stats_4MB_pages-linux64-amd64-gcc43+.cfg --size ref --iterations 1 --noreportable --verbose 35 456.hmmer
toolset: linux-suse10-amd64

Locating benchmarks...found 31 benchmarks in 6 benchsets.
Reading config file '/home/alberto/disciplinas/mo601/mo601-projects/project2/src/Pintools-memory_stats_4MB_pages-linux64-amd64-gcc43+.cfg'
Running "specperl /home/alberto/disciplinas/mo601/tools/SPEC/install/Docs/sysinfo" to gather system information.
Read 60 total lines from the sysinfo program.
Read 59 usable lines from the sysinfo program.
Variable list for substitution (called from /home/alberto/disciplinas/mo601/tools/SPEC/install/bin/runspec line 169):
 - No variables changed
 - Variables available for interpolation that were not in the last list:
    (From config) $OS = "unix"
    (From config) $absolutely_no_locking = "0"
    (From config) $action = "validate"
    (From config) $allow_extension_override = "0"
    (From config) $backup_config = "1"
    (From config) $basepeak = "yes"
    (From config) $benchdir = "benchspec"
    (From config) @bind = ( numactl -m 0 --physcpubind=0, numactl -m 0 --physcpubind=1, numactl -m 0 --physcpubind=2, numactl -m 0 --physcpubind=3, numactl -m 1 --physcpubind=4, numactl -m 1 --physcpubind=5, numactl -m 1 --physcpubind=6, numactl -m 1 --physcpubind=7 )
    (From config) $bindir = "exe"
    (From config) $build_in_build_dir = "1"
    (From config) $builddir = "build"
    (From config) $bundleaction = ""
    (From config) $bundlename = ""
    (From config) $calctol = "0"
    (From config) $cfidx_flagsurl0 = "44"
    (From config) $cfidx_flagsurl1 = "45"
    (From config) $cfidx_hw_avail = "49"
    (From config) $cfidx_license_num = "50"
    (From config) $cfidx_test_sponsor = "51"
    (From config) $cfidx_tester = "52"
    (From config) $check_integrity = "1"
    (From config) $check_md5 = "1"
    (From config) $check_version = "1"
    (From config) $command_add_redirect = "0"
    (From config) $commanderrfile = "speccmds.err"
    (From config) $commandfile = "speccmds.cmd"
    (From config) $commandoutfile = "speccmds.out"
    (From config) $commandstdoutfile = "speccmds.stdout"
    (From config) $compareerrfile = "compare.err"
    (From config) $comparefile = "compare.cmd"
    (From config) $compareoutfile = "compare.out"
    (From config) $comparestdoutfile = "compare.stdout"
    (From config) $compile_error = "0"
    (From config) $config = "/home/alberto/disciplinas/mo601/mo601-projects/project2/src/Pintools-memory_stats_4MB_pages-linux64-amd64-gcc43+.cfg"
    (From config) $configdir = "config"
    (From config) $configpath = "/home/alberto/disciplinas/mo601/mo601-projects/project2/src/Pintools-memory_stats_4MB_pages-linux64-amd64-gcc43+.cfg"
    (From config) $copies = "1"
    (From config) $datadir = "data"
    (From config) $default_size = "ref"
    (From config) $delay = "0"
    (From config) $deletebinaries = "0"
    (From config) $deletework = "0"
    (From config) $difflines = "10"
    (From config) $dirprot = "511"
    (From config) $endian = "12345678"
    (From config) $env_vars = "0"
    (From config) $exitvals = "spec_exit"
    (From config) $expand_notes = "1"
    (From config) $expid = ""
    (From config) $ext = "gcc46-64bit"
    (From config) $fake = "0"
    (From config) $feedback = "1"
    (From config) @files_read = ( /home/alberto/disciplinas/mo601/mo601-projects/project2/src/Pintools-memory_stats_4MB_pages-linux64-amd64-gcc43+.cfg, specperl $[top]/Docs/sysinfo )
    (From config) $flag_url_base = "http://www.spec.org/auto/cpu2006/flags/"
    (From config) @flagsurl = ( /home/alberto/disciplinas/mo601/tools/SPEC/install/config/flags/Example-gcc4x-flags-revA.xml, /home/alberto/disciplinas/mo601/tools/SPEC/install/config/flags/Example-linux-platform-revA.xml )
    (From config) $flagsurl0 = "/home/alberto/disciplinas/mo601/tools/SPEC/install/config/flags/Example-gcc4x-flags-revA.xml"
    (From config) $flagsurl1 = "/home/alberto/disciplinas/mo601/tools/SPEC/install/config/flags/Example-linux-platform-revA.xml"
    (From config) $help = "0"
    (From config) $http_proxy = ""
    (From config) $http_timeout = "30"
    (From config) $hw_avail = "Dec-9999"
    (From config) $ignore_errors = "yes"
    (From config) $ignore_sigint = "0"
    (From config) $info_wrap_columns = "50"
    (From config) $inputdir = "input"
    (From config) $iterations = "1"
    (From config) $keeptmp = "0"
    (From config) $license_num = "0"
    (From config) $line_width = "0"
    (From config) $locking = "1"
    (From config) $log = "CPU2006"
    (From config) $log_line_width = "0"
    (From config) $log_timestamp = "0"
    (From config) $mach = "default"
    (From config) $mail_reports = "all"
    (From config) $mailcompress = "0"
    (From config) $mailmethod = "smtp"
    (From config) $mailport = "25"
    (From config) $mailserver = "127.0.0.1"
    (From config) $mailto = ""
    (From config) $make = "specmake"
    (From config) $make_no_clobber = "0"
    (From config) $makeflags = ""
    (From config) $max_active_compares = "0"
    (From config) $mean_anyway = "0"
    (From config) $min_report_runs = "3"
    (From config) $minimize_builddirs = "0"
    (From config) $minimize_rundirs = "0"
    (From config) $nc = ""
    (From config) $nc_is_cd = "0"
    (From config) $nc_is_na = "0"
    (From config) $no_input_handler = "close"
    (From config) $no_monitor = ""
    (From config) $note_preenv = "0"
    (From config) $notes_wrap_columns = "0"
    (From config) $notes_wrap_indent = "  "
    (From config) $os_exe_ext = ""
    (From config) $output = "asc"
    (From config) $output_format = "asc,csv,html"
    (From config) $output_root = ""
    (From config) $outputdir = "output"
    (From config) $parallel_setup = "1"
    (From config) $parallel_setup_prefork = ""
    (From config) $parallel_setup_type = "fork"
    (From config) $parallel_test = "0"
    (From config) $parallel_test_submit = "0"
    (From config) $parallel_test_workloads = ""
    (From config) $plain_train = "1"
    (From config) $power = "0"
    (From config) $preenv = "1"
    (From config) $prefix = ""
    (From config) $ranks = "1"
    (From config) $rate = "0"
    (From config) @rawformat_opts = ( --verbose, 35 )
    (From config) $realuser = "alberto"
    (From config) $rebuild = "0"
    (From config) $reftime = "reftime"
    (From config) $reportable = "0"
    (From config) $resultdir = "result"
    (From config) $review = "0"
    (From config) $run = "all"
    (From config) $rundir = "run"
    (From config) $runspec = "/home/alberto/disciplinas/mo601/tools/SPEC/install/bin/runspec --config /home/alberto/disciplinas/mo601/mo601-projects/project2/src/Pintools-memory_stats_4MB_pages-linux64-amd64-gcc43+.cfg --size ref --iterations 1 --noreportable --verbose 35 456.hmmer"
    (From config) $safe_eval = "1"
    (From config) $section_specifier_fatal = "1"
    (From config) $sendmail = "/usr/sbin/sendmail"
    (From config) $setpgrp_enabled = "1"
    (From config) $setprocgroup = "1"
    (From config) $setup_error = "0"
    (From config) $shrate = "0"
    (From config) $sigint = "2"
    (From config) $size = "ref"
    (From config) $specdiff = "specdiff"
    (From config) $specmake = "Makefile.YYYtArGeTYYYspec"
    (From config) $specrun = "/home/alberto/disciplinas/mo601/tools/SPEC/install/specinvoke"
    (From config) $speed = "0"
    (From config) $srcalt = ""
    (From config) $srcdir = "src"
    (From config) $stagger = "10"
    (From config) $strict_rundir_verify = "1"
    (From config) $submit_default = "/home/alberto/disciplinas/mo601/tools/pin-3.0-76991-gcc-linux/pin -t /home/alberto/disciplinas/mo601/tools/pin-3.0-76991-gcc-linux/source/tools/Memory/obj-intel64/memory_stats_4MB_pages.so -c /home/alberto/disciplinas/mo601/mo601-projects/project2/memory_stats_4MB_pages_csv/"$benchmark"_"$workload"_memory_stats_4MB_pages.csv -o /home/alberto/disciplinas/mo601/mo601-projects/project2/memory_stats_4MB_pages_pintool_out/"$benchmark"_"$workload"_memory_stats_4MB_pages.out  -b "$benchmark"_"$workload" -- $command"
    (From config) $sysinfo_program = "specperl /home/alberto/disciplinas/mo601/tools/SPEC/install/Docs/sysinfo"
    (From config) $table = "1"
    (From config) $teeout = "yes"
    (From config) $teerunout = "yes"
    (From config) $test_date = "Oct-2016"
    (From config) $test_sponsor = "Test Sponsor (Optional, defaults to hw_vendor)"
    (From config) $tester = "(Optional, defaults to hw_vendor)"
    (From config) $top = "/home/alberto/disciplinas/mo601/tools/SPEC/install"
    (From config) $train_with = "train"
    (From config) $tune = "base"
    (From config) $uid = "10103"
    (From config) $unbuffer = "1"
    (From config) $update-flags = "0"
    (From config) $use_submit_for_speed = "yes"
    (From config) $username = "alberto"
    (From config) @valid_actions = ( buildsetup, runsetup, setup, build, only_run, onlyrun, run, validate, configpp, clean, realclean, trash, clobber, scrub, interclean, report, makebundle, usebundle )
    (From config) @valid_tunes = ( base, peak )
    (From config) $vendor = "anon"
    (From config) $vendor_makefiles = "0"
    (From config) $verbose = "35"
    (From config) $version = "0"
    (From config) $version_url = "http://www.spec.org/auto/cpu2006/current_version"
    (From config) $worklist = "list"
 - No deleted variables
  '456.hmmer' added
Retrieving flags file (/home/alberto/disciplinas/mo601/tools/SPEC/install/config/flags/Example-gcc4x-flags-revA.xml)...
Retrieving flags file (/home/alberto/disciplinas/mo601/tools/SPEC/install/config/flags/Example-linux-platform-revA.xml)...
Benchmarks selected: 456.hmmer
Compiling Binaries

------------------------------------------------------------------------
  Up to date 456.hmmer base gcc46-64bit default


Setting Up Run Directories
  Setting up 456.hmmer ref base gcc46-64bit default: created (run_base_ref_gcc46-64bit.0001)

-----------------------------------
Running Benchmarks

-----------------------------------
  Running 456.hmmer ref base gcc46-64bit default
Variable list for substitution (called from /home/alberto/disciplinas/mo601/tools/SPEC/install/bin/benchmark.pm line 3064):
 - Variables available for interpolation that have changed since the last list:
    (From config) $basepeak = "1"
    (From config) @files_read = ( /home/alberto/disciplinas/mo601/mo601-projects/project2/src/Pintools-memory_stats_4MB_pages-linux64-amd64-gcc43+.cfg, specperl $[top]/Docs/sysinfo, /home/alberto/disciplinas/mo601/tools/SPEC/install/config/flags/Example-gcc4x-flags-revA.xml, /home/alberto/disciplinas/mo601/tools/SPEC/install/config/flags/Example-linux-platform-revA.xml )
    (From config) $realuser = "your name here"
    (From config) $specrun = "specinvoke"
 - Variables available for interpolation that were not in the last list:
    (From config) @BENCHLANG = ( C )
    (From config) $CC = "/usr/bin/gcc"
    (From config) $COPTIMIZE = "-O2 -fno-strict-aliasing"
    (From config) $CXX = "/usr/bin/g++"
    (From config) $CXXOPTIMIZE = "-O2 -fno-strict-aliasing"
    (From config) @EXEBASE = ( hmmer )
    (From config) $FC = "/usr/bin/gfortran"
    (From config) $FOPTIMIZE = "-O2 -fno-strict-aliasing"
    (From config) $FPBASE = "yes"
    (From config) $PORTABILITY = "-DSPEC_CPU_LP64"
    (From config) $abstol = "1e-05"
    (From config) @allBENCHLANG = ( C )
    (From config) $baggage = ""
    (From config) @base_exe = ( hmmer )
    (From config) $baseexe = "hmmer"
    (From config) $benchmark = "456.hmmer"
    (From config) @benchset_list = (  )
    (From config) $binary = ""
    (From config) @bundle_files = (  )
    (From config) $cfidx_hw_cpu_char = "92"
    (From config) $cfidx_hw_cpu_mhz = "93"
    (From config) $cfidx_hw_cpu_name = "214"
    (From config) $cfidx_hw_disk = "215"
    (From config) $cfidx_hw_fpu = "94"
    (From config) $cfidx_hw_memory001 = "216"
    (From config) $cfidx_hw_memory002 = "217"
    (From config) $cfidx_hw_model = "91"
    (From config) $cfidx_hw_nchips = "218"
    (From config) $cfidx_hw_ncores = "95"
    (From config) $cfidx_hw_ncoresperchip = "96"
    (From config) $cfidx_hw_ncpuorder = "98"
    (From config) $cfidx_hw_nthreadspercore = "97"
    (From config) $cfidx_hw_ocache = "102"
    (From config) $cfidx_hw_other = "104"
    (From config) $cfidx_hw_pcache = "99"
    (From config) $cfidx_hw_scache = "100"
    (From config) $cfidx_hw_tcache = "101"
    (From config) $cfidx_hw_vendor = "103"
    (From config) $cfidx_notes_os_000 = "128"
    (From config) $cfidx_notes_plat_sysinfo_000 = "165"
    (From config) $cfidx_notes_plat_sysinfo_005 = "166"
    (From config) $cfidx_notes_plat_sysinfo_010 = "167"
    (From config) $cfidx_notes_plat_sysinfo_015 = "168"
    (From config) $cfidx_notes_plat_sysinfo_020 = "169"
    (From config) $cfidx_notes_plat_sysinfo_025 = "170"
    (From config) $cfidx_notes_plat_sysinfo_030 = "171"
    (From config) $cfidx_notes_plat_sysinfo_035 = "172"
    (From config) $cfidx_notes_plat_sysinfo_040 = "173"
    (From config) $cfidx_notes_plat_sysinfo_045 = "174"
    (From config) $cfidx_notes_plat_sysinfo_050 = "175"
    (From config) $cfidx_notes_plat_sysinfo_055 = "176"
    (From config) $cfidx_notes_plat_sysinfo_060 = "177"
    (From config) $cfidx_notes_plat_sysinfo_065 = "178"
    (From config) $cfidx_notes_plat_sysinfo_070 = "179"
    (From config) $cfidx_notes_plat_sysinfo_075 = "180"
    (From config) $cfidx_notes_plat_sysinfo_080 = "181"
    (From config) $cfidx_notes_plat_sysinfo_085 = "182"
    (From config) $cfidx_notes_plat_sysinfo_090 = "183"
    (From config) $cfidx_notes_plat_sysinfo_095 = "184"
    (From config) $cfidx_notes_plat_sysinfo_100 = "185"
    (From config) $cfidx_notes_plat_sysinfo_105 = "186"
    (From config) $cfidx_notes_plat_sysinfo_110 = "187"
    (From config) $cfidx_notes_plat_sysinfo_115 = "188"
    (From config) $cfidx_notes_plat_sysinfo_120 = "189"
    (From config) $cfidx_notes_plat_sysinfo_125 = "190"
    (From config) $cfidx_notes_plat_sysinfo_130 = "191"
    (From config) $cfidx_notes_plat_sysinfo_135 = "192"
    (From config) $cfidx_notes_plat_sysinfo_140 = "193"
    (From config) $cfidx_notes_plat_sysinfo_145 = "194"
    (From config) $cfidx_notes_plat_sysinfo_150 = "195"
    (From config) $cfidx_notes_plat_sysinfo_155 = "196"
    (From config) $cfidx_notes_plat_sysinfo_160 = "197"
    (From config) $cfidx_notes_plat_sysinfo_165 = "198"
    (From config) $cfidx_notes_plat_sysinfo_170 = "199"
    (From config) $cfidx_notes_plat_sysinfo_175 = "200"
    (From config) $cfidx_notes_plat_sysinfo_180 = "201"
    (From config) $cfidx_notes_plat_sysinfo_185 = "202"
    (From config) $cfidx_notes_plat_sysinfo_190 = "203"
    (From config) $cfidx_notes_plat_sysinfo_195 = "204"
    (From config) $cfidx_notes_plat_sysinfo_200 = "205"
    (From config) $cfidx_notes_plat_sysinfo_205 = "206"
    (From config) $cfidx_notes_plat_sysinfo_210 = "207"
    (From config) $cfidx_notes_plat_sysinfo_215 = "208"
    (From config) $cfidx_notes_plat_sysinfo_220 = "209"
    (From config) $cfidx_notes_plat_sysinfo_225 = "210"
    (From config) $cfidx_notes_plat_sysinfo_230 = "211"
    (From config) $cfidx_notes_plat_sysinfo_235 = "212"
    (From config) $cfidx_notes_plat_sysinfo_240 = "213"
    (From config) $cfidx_notes_submit_000 = "125"
    (From config) $cfidx_notes_submit_005 = "126"
    (From config) $cfidx_prepared_by = "219"
    (From config) $cfidx_sw_avail = "117"
    (From config) $cfidx_sw_base_ptrsize = "119"
    (From config) $cfidx_sw_compiler = "111"
    (From config) $cfidx_sw_file = "220"
    (From config) $cfidx_sw_os001 = "221"
    (From config) $cfidx_sw_os002 = "222"
    (From config) $cfidx_sw_other = "118"
    (From config) $cfidx_sw_peak_ptrsize = "120"
    (From config) $cfidx_sw_state = "223"
    (From config) $clean_between_builds = "no"
    (From config) $command = "..ÿrun_base_ref_gcc46-64bit.0001ÿhmmer_base.gcc46-64bit nph3.hmm swiss41"
    (From config) $commandexe = "..ÿrun_base_ref_gcc46-64bit.0001ÿhmmer_base.gcc46-64bit"
    (From config) $compwhite = ""
    (From config) @copylist = ( 1 )
    (From config) $copynum = "0"
    (From config) $dependent_workloads = "0"
    (From config) @dirlist = ( Spec::Listfile::entry=HASH(0x354ace8) )
    (From config) $exemd5 = "b6a282367f71f7c19b5f9c2501830ce8"
    (From config) @extlist = ( gcc46-64bit )
    (From config) $fdocommand = ""
    (From config) $floatcompare = ""
    (From config) $hw_cpu_char = ""
    (From config) $hw_cpu_mhz = "9999"
    (From config) $hw_cpu_name = "Intel Xeon E5645"
    (From config) $hw_disk = "81 TB  add more disk info here"
    (From config) $hw_fpu = "Integrated"
    (From config) $hw_memory001 = "23.539 GB fixme: If using DDR3, format is:"
    (From config) $hw_memory002 = "'N GB (M x N GB nRxn PCn-nnnnnR-n, ECC)'"
    (From config) $hw_model = "System Model Name"
    (From config) $hw_nchips = "1"
    (From config) $hw_ncores = "number of cores enabled"
    (From config) $hw_ncoresperchip = "number of cores manufactured into each chip"
    (From config) $hw_ncpuorder = "1,2 chips"
    (From config) $hw_nthreadspercore = "number of threads enabled per core"
    (From config) $hw_ocache = "None"
    (From config) $hw_other = "None"
    (From config) $hw_pcache = "9999 KB I + 9999 KB D on chip per core"
    (From config) $hw_scache = "9999 KB I+D on chip per core"
    (From config) $hw_tcache = "9999 MB I+D on chip per chip"
    (From config) $hw_vendor = "System Vendor"
    (From config) $ignorecase = ""
    (From hash) $iter = "0"
    (From config) $iteration = "-1"
    (From config) @iterlist = ( 1 )
    (From config) $logname = "/home/alberto/disciplinas/mo601/tools/SPEC/install/result/CPU2006.122.log"
    (From config) $lognum = "122"
    (From config) @machlist = ( default )
    (From config) $monitor_specrun_wrapper = ""
    (From config) $monitor_wrapper = ""
    (From config) $name = "hmmer"
    (From config) $need_math = "yes"
    (From config) $notes_os_000 = "'ulimit -s unlimited' was used to set environment stack size"
    (From config) $notes_plat_sysinfo_000 = " Sysinfo program /home/alberto/disciplinas/mo601/tools/SPEC/install/Docs/sysinfo"
    (From config) $notes_plat_sysinfo_005 = " $Rev: 6775 $ $Date:: 2011-08-16 #$ 8787f7622badcf24e01c368b1db4377c"
    (From config) $notes_plat_sysinfo_010 = " running on x01.recod Tue Oct 18 16:22:03 2016"
    (From config) $notes_plat_sysinfo_015 = ""
    (From config) $notes_plat_sysinfo_020 = " This section contains SUT (System Under Test) info as seen by"
    (From config) $notes_plat_sysinfo_025 = " some common utilities.  To remove or add to this section, see:"
    (From config) $notes_plat_sysinfo_030 = "   http://www.spec.org/cpu2006/Docs/config.html#sysinfo"
    (From config) $notes_plat_sysinfo_035 = ""
    (From config) $notes_plat_sysinfo_040 = " From /proc/cpuinfo"
    (From config) $notes_plat_sysinfo_045 = "    model name : Intel(R) Xeon(R) CPU E5645 @ 2.40GHz"
    (From config) $notes_plat_sysinfo_050 = "       1 "physical id"s (chips)"
    (From config) $notes_plat_sysinfo_055 = "       12 "processors""
    (From config) $notes_plat_sysinfo_060 = "    cores, siblings (Caution: counting these is hw and system dependent.  The"
    (From config) $notes_plat_sysinfo_065 = "    following excerpts from /proc/cpuinfo might not be reliable.  Use with"
    (From config) $notes_plat_sysinfo_070 = "    caution.)"
    (From config) $notes_plat_sysinfo_075 = "       cpu cores : 6"
    (From config) $notes_plat_sysinfo_080 = "       siblings  : 12"
    (From config) $notes_plat_sysinfo_085 = "       physical 0: cores 0 1 2 8 9 10"
    (From config) $notes_plat_sysinfo_090 = "    cache size : 12288 KB"
    (From config) $notes_plat_sysinfo_095 = ""
    (From config) $notes_plat_sysinfo_100 = " From /proc/meminfo"
    (From config) $notes_plat_sysinfo_105 = "    MemTotal:       24682160 kB"
    (From config) $notes_plat_sysinfo_110 = "    HugePages_Total:       0"
    (From config) $notes_plat_sysinfo_115 = "    Hugepagesize:       2048 kB"
    (From config) $notes_plat_sysinfo_120 = ""
    (From config) $notes_plat_sysinfo_125 = " /usr/bin/lsb_release -d"
    (From config) $notes_plat_sysinfo_130 = "    Ubuntu 12.04.5 LTS"
    (From config) $notes_plat_sysinfo_135 = ""
    (From config) $notes_plat_sysinfo_140 = " From /etc/*release* /etc/*version*"
    (From config) $notes_plat_sysinfo_145 = "    debian_version: wheezy/sid"
    (From config) $notes_plat_sysinfo_150 = "    os-release:"
    (From config) $notes_plat_sysinfo_155 = "       NAME="Ubuntu""
    (From config) $notes_plat_sysinfo_160 = "       VERSION="12.04.5 LTS, Precise Pangolin""
    (From config) $notes_plat_sysinfo_165 = "       ID=ubuntu"
    (From config) $notes_plat_sysinfo_170 = "       ID_LIKE=debian"
    (From config) $notes_plat_sysinfo_175 = "       PRETTY_NAME="Ubuntu precise (12.04.5 LTS)""
    (From config) $notes_plat_sysinfo_180 = "       VERSION_ID="12.04""
    (From config) $notes_plat_sysinfo_185 = ""
    (From config) $notes_plat_sysinfo_190 = " uname -a:"
    (From config) $notes_plat_sysinfo_195 = "    Linux x01.recod 3.5.0-54-generic #81~precise1-Ubuntu SMP Tue Jul 15 04:02:22"
    (From config) $notes_plat_sysinfo_200 = "    UTC 2014 x86_64 x86_64 x86_64 GNU/Linux"
    (From config) $notes_plat_sysinfo_205 = ""
    (From config) $notes_plat_sysinfo_210 = " run-level 2 Sep 17 15:00"
    (From config) $notes_plat_sysinfo_215 = ""
    (From config) $notes_plat_sysinfo_220 = " SPEC is set to: /home/alberto/disciplinas/mo601/tools/SPEC/install"
    (From config) $notes_plat_sysinfo_225 = "    Filesystem                    Type  Size  Used Avail Use% Mounted on"
    (From config) $notes_plat_sysinfo_230 = "    storage.recod:/l/home/alberto nfs    81T   38T   43T  47% /home/alberto"
    (From config) $notes_plat_sysinfo_235 = ""
    (From config) $notes_plat_sysinfo_240 = " (End of data from sysinfo program)"
    (From config) $notes_submit_000 = "'numactl' was used to bind copies to the cores."
    (From config) $notes_submit_005 = "See the configuration file for details."
    (From config) $num = "456"
    (From config) $obiwan = ""
    (From config) $optmd5 = "9e3f3b89d358822bd9fef274abb6aa68"
    (From config) $path = "/home/alberto/disciplinas/mo601/tools/SPEC/install/benchspec/CPU2006/456.hmmer"
    (From config) @powermeterlist = (  )
    (From config) $prepared_by = "alberto  (is never output, only tags rawfile)"
    (From config) $ref_added = "config.pl:1183"
    (From config) $reltol = "0.002"
    (From config) $size_class = "ref"
    (From config) @sizelist = ( ref )
    (From config) $skipabstol = ""
    (From config) $skipobiwan = ""
    (From config) $skipreltol = ""
    (From config) $skiptol = ""
    (From config) $smarttune = "base"
    (From config) @sources = ( alphabet.c, core_algorithms.c, debug.c, display.c, emit.c, emulation.c, fast_algorithms.c, histogram.c, hmmio.c, hmmcalibrate.c, hmmsearch.c, mathsupport.c, masks.c, misc.c, modelmakers.c, plan7.c, plan9.c, postprob.c, prior.c, tophits.c, trace.c, ucbqsort.c, a2m.c, aligneval.c, alignio.c, clustal.c, cluster.c, dayhoff.c, eps.c, file.c, getopt.c, gki.c, gsi.c, hsregex.c, iupac.c, msa.c, msf.c, phylip.c, revcomp.c, rk.c, selex.c, seqencode.c, shuffle.c, sqerror.c, sqio.c, squidcore.c, sre_ctype.c, sre_math.c, sre_random.c, sre_string.c, ssi.c, stack.c, stockholm.c, translate.c, types.c, vectorops.c, weight.c )
    (From config) $srcsource = "/home/alberto/disciplinas/mo601/tools/SPEC/install/benchspec/CPU2006/456.hmmer/src"
    (From config) $sw_avail = "Mar-2011"
    (From config) $sw_base_ptrsize = "64-bit"
    (From config) $sw_compiler = "gcc, g++ & gfortran 4.6.0"
    (From config) $sw_file = "nfs"
    (From config) $sw_os001 = "Ubuntu 12.04.5 LTS"
    (From config) $sw_os002 = "3.5.0-54-generic"
    (From config) $sw_other = "None"
    (From config) $sw_peak_ptrsize = "64-bit"
    (From config) $sw_state = "Run level 2 (add definition here)"
    (From config) @tempmeterlist = (  )
    (From config) @tunelist = ( base )
    (From hash) $workload = "0"
 - Variables from the previous list that are NO LONGER AVAILABLE:
    $config
Variable list for substitution (called from /home/alberto/disciplinas/mo601/tools/SPEC/install/bin/benchmark.pm line 3064):
 - Variables available for interpolation that have changed since the last list:
    (From config) $command = "..ÿrun_base_ref_gcc46-64bit.0001ÿhmmer_base.gcc46-64bit --fixed 0 --mean 500 --num 500000 --sd 350 --seed 0 retro.hmm"
    (From hash) $workload = "1"
 - No new variables
 - No deleted variables
**WARNING: environment variable 'TERMCAP' contains embedded CR or LF; they will be converted to spaces
Issuing command '/home/alberto/disciplinas/mo601/tools/SPEC/install/bin/specinvoke -d /home/alberto/disciplinas/mo601/tools/SPEC/install/benchspec/CPU2006/456.hmmer/run/run_base_ref_gcc46-64bit.0001 -e speccmds.err -o speccmds.stdout -f speccmds.cmd -C -q'
/home/alberto/disciplinas/mo601/tools/SPEC/install/bin/specinvoke -d /home/alberto/disciplinas/mo601/tools/SPEC/install/benchspec/CPU2006/456.hmmer/run/run_base_ref_gcc46-64bit.0001 -e speccmds.err -o speccmds.stdout -f speccmds.cmd -C -q
Start command: Tue Oct 18 16:22:05 2016 (1476814925)
Stop command: Sat Oct 22 04:44:21 2016 (1477118661)
Elapsed time for command: 84:22:16 (303736)
Workload elapsed time (0:1) = 80791.099156 seconds
Workload elapsed time (0:2) = 222936.807325 seconds
Copy 0 of 456.hmmer (base ref) run 1 finished at Sat Oct 22 04:44:13 2016.  Total elapsed time: 303727.906481
Issuing command '/home/alberto/disciplinas/mo601/tools/SPEC/install/bin/specinvoke -E -d /home/alberto/disciplinas/mo601/tools/SPEC/install/benchspec/CPU2006/456.hmmer/run/run_base_ref_gcc46-64bit.0001 -c 1 -e compare.err -o compare.stdout -f compare.cmd'
/home/alberto/disciplinas/mo601/tools/SPEC/install/bin/specinvoke -E -d /home/alberto/disciplinas/mo601/tools/SPEC/install/benchspec/CPU2006/456.hmmer/run/run_base_ref_gcc46-64bit.0001 -c 1 -e compare.err -o compare.stdout -f compare.cmd
Start command: Sat Oct 22 04:44:21 2016 (1477118661)
Stop command: Sat Oct 22 04:44:34 2016 (1477118674)
Elapsed time for command: 00:00:13 (13)
 Success 456.hmmer base ref ratio=0.03, runtime=303727.906643, power=0.00w, temp=0.00 deg, humidity=0.00%
Success: 1x456.hmmer
Producing Raw Reports
mach: default
  ext: gcc46-64bit
    size: ref
      set: int
Variable list for substitution (called from /home/alberto/disciplinas/mo601/tools/SPEC/install/bin/benchset.pm line 458):
 - Variables available for interpolation that have changed since the last list:
    (From config) $exemd5 = "3438b804958a782a961ac561c8ab7251"
    (From config) $optmd5 = "1dd3c4dffba6bd0ef9212be66716e89c"
 - Variables available for interpolation that were not in the last list:
    (From config) $CPORTABILITY = "-DSPEC_CPU_LINUX"
    (From config) $CXXPORTABILITY = "-DSPEC_CPU_LINUX"
    (From config) $config = "/home/alberto/disciplinas/mo601/mo601-projects/project2/src/Pintools-memory_stats_4MB_pages-linux64-amd64-gcc43+.cfg"
 - Variables from the previous list that are NO LONGER AVAILABLE:
    @BENCHLANG
    @EXEBASE
    $FPBASE
    $abstol
    @allBENCHLANG
    @base_exe
    $baseexe
    $benchmark
    $binary
    $clean_between_builds
    $command
    $commandexe
    $compwhite
    $copynum
    $dependent_workloads
    @dirlist
    $fdocommand
    $floatcompare
    $ignorecase
    $iter
    $iteration
    $monitor_specrun_wrapper
    $monitor_wrapper
    $name
    $need_math
    $num
    $obiwan
    $path
    $reltol
    $size_class
    $skipabstol
    $skipobiwan
    $skipreltol
    $skiptol
    $smarttune
    @sources
    $srcsource
    $workload
        format: raw -> /home/alberto/disciplinas/mo601/tools/SPEC/install/result/CINT2006.122.ref.rsf
rawformat started at Sat Oct 22 04:44:35 2016 on "x01.recod"
rawformat is: /home/alberto/disciplinas/mo601/tools/SPEC/install/bin/rawformat
rawformat: rawformat --output_format asc:csv:html --from_runspec --opts-file /home/alberto/disciplinas/mo601/tools/SPEC/install/result/CINT2006.122.ref.rsf.opts --verbose 35 /home/alberto/disciplinas/mo601/tools/SPEC/install/result/CINT2006.122.ref.rsf
toolset: linux-suse10-amd64

Stored config: Updating "notes_plat_sysinfo_005"
Parsing flags for 456.hmmer base: done in 0.4099739s
Doing flag reduction: done in 0.0149810s
        format: flags -> /home/alberto/disciplinas/mo601/tools/SPEC/install/result/CINT2006.122.ref.flags.html
        format: ASCII -> /home/alberto/disciplinas/mo601/tools/SPEC/install/result/CINT2006.122.ref.txt
        format: CSV -> /home/alberto/disciplinas/mo601/tools/SPEC/install/result/CINT2006.122.ref.csv
        format: HTML -> /home/alberto/disciplinas/mo601/tools/SPEC/install/result/CINT2006.122.ref.html, /home/alberto/disciplinas/mo601/tools/SPEC/install/result/CINT2006.122.ref.gif
      set: fp

The log for this run is in /home/alberto/disciplinas/mo601/tools/SPEC/install/result/CPU2006.122.log

runspec finished at Sat Oct 22 04:44:48 2016; 303767 total seconds elapsed
