ITLB:
   Load Hits:      1497191483
   Load Misses:             3
   Load Accesses:  1497191486
   Load Miss Rate:      0.00%

  Store Hits:               0
  Store Misses:             0
  Store Accesses:           0
  Store Miss Rate:       nan%

  Total Hits:      1497191483
  Total Misses:             3
  Total Accesses:  1497191486
  Total Miss Rate:      0.00%
  Flushes:                  0
  Stat Resets:              0

DTLB:
   Load Hits:       359469472
   Load Misses:       1490725
   Load Accesses:   360960197
   Load Miss Rate:      0.41%

  Store Hits:               0
  Store Misses:             0
  Store Accesses:           0
  Store Miss Rate:       nan%

  Total Hits:       359469472
  Total Misses:       1490725
  Total Accesses:   360960197
  Total Miss Rate:      0.41%
  Flushes:                  0
  Stat Resets:              0

L1 Instruction Cache:
   Load Hits:      1356686567
   Load Misses:     140504919
   Load Accesses:  1497191486
   Load Miss Rate:      9.38%

  Store Hits:               0
  Store Misses:             0
  Store Accesses:           0
  Store Miss Rate:       nan%

  Total Hits:      1356686567
  Total Misses:     140504919
  Total Accesses:  1497191486
  Total Miss Rate:      9.38%
  Flushes:                  0
  Stat Resets:              0

L1 Data Cache:
   Load Hits:       835312882
   Load Misses:    2749558720
   Load Accesses:  3584871602
   Load Miss Rate:     76.70%

  Store Hits:       269547462
  Store Misses:     801508429
  Store Accesses:  1071055891
  Store Miss Rate:     74.83%

  Total Hits:      1104860344
  Total Misses:    3551067149
  Total Accesses:   360960197
  Total Miss Rate:    983.78%
  Flushes:                  0
  Stat Resets:              0

L2 Unified Cache:
   Load Hits:      2014227972
   Load Misses:     875835667
   Load Accesses:  2890063639
   Load Miss Rate:     30.31%

  Store Hits:      4170828105
  Store Misses:     925647620
  Store Accesses:   801508429
  Store Miss Rate:    115.49%

  Total Hits:      1890088781
  Total Misses:    1801483287
  Total Accesses:  3691572068
  Total Miss Rate:     48.80%
  Flushes:                  0
  Stat Resets:              0

L3 Unified Cache:
   Load Hits:       466056161
   Load Misses:     409779506
   Load Accesses:   875835667
   Load Miss Rate:     46.79%

  Store Hits:       466450263
  Store Misses:     459197357
  Store Accesses:   925647620
  Store Miss Rate:     49.61%

  Total Hits:       932506424
  Total Misses:     868976863
  Total Accesses:  1801483287
  Total Miss Rate:     48.24%
  Flushes:                  0
  Stat Resets:              0


---------
Page Table depth: 3
Total Instructions: 164705948734

Total Instruction Memory Access: 329014
Total Instruction TLB Miss: 3
Total Instruction L3 Miss: 329005
Total Instruction Page Table Access: 9

Total Data Memory Access: 873120033
Total Data TLB Miss: 1490725
Total Data L3 Miss: 868647858
Total Data Page Table Access: 4472175

