ITLB:
   Load Hits:      2919302056
   Load Misses:             4
   Load Accesses:  2919302060
   Load Miss Rate:      0.00%

  Store Hits:               0
  Store Misses:             0
  Store Accesses:           0
  Store Miss Rate:       nan%

  Total Hits:      2919302056
  Total Misses:             4
  Total Accesses:  2919302060
  Total Miss Rate:      0.00%
  Flushes:                  0
  Stat Resets:              0

DTLB:
   Load Hits:       384025290
   Load Misses:        721097
   Load Accesses:   384746387
   Load Miss Rate:      0.19%

  Store Hits:               0
  Store Misses:             0
  Store Accesses:           0
  Store Miss Rate:       nan%

  Total Hits:       384025290
  Total Misses:        721097
  Total Accesses:   384746387
  Total Miss Rate:      0.19%
  Flushes:                  0
  Stat Resets:              0

L1 Instruction Cache:
   Load Hits:      2839210590
   Load Misses:      80091470
   Load Accesses:  2919302060
   Load Miss Rate:      2.74%

  Store Hits:               0
  Store Misses:             0
  Store Accesses:           0
  Store Miss Rate:       nan%

  Total Hits:      2839210590
  Total Misses:      80091470
  Total Accesses:  2919302060
  Total Miss Rate:      2.74%
  Flushes:                  0
  Stat Resets:              0

L1 Data Cache:
   Load Hits:      3357359317
   Load Misses:    1830382386
   Load Accesses:   892774407
   Load Miss Rate:    205.02%

  Store Hits:      3903099685
  Store Misses:    4178806887
  Store Accesses:  3786939276
  Store Miss Rate:    110.35%

  Total Hits:      2965491706
  Total Misses:    1714221977
  Total Accesses:   384746387
  Total Miss Rate:    445.55%
  Flushes:                  0
  Stat Resets:              0

L2 Unified Cache:
   Load Hits:      1505316703
   Load Misses:     405157153
   Load Accesses:  1910473856
   Load Miss Rate:     21.21%

  Store Hits:      3935760800
  Store Misses:     243046087
  Store Accesses:  4178806887
  Store Miss Rate:      5.82%

  Total Hits:      1146110207
  Total Misses:     648203240
  Total Accesses:  1794313447
  Total Miss Rate:     36.13%
  Flushes:                  0
  Stat Resets:              0

L3 Unified Cache:
   Load Hits:       214126695
   Load Misses:     191030458
   Load Accesses:   405157153
   Load Miss Rate:     47.15%

  Store Hits:       181261308
  Store Misses:      61784779
  Store Accesses:   243046087
  Store Miss Rate:     25.42%

  Total Hits:       395388003
  Total Misses:     252815237
  Total Accesses:   648203240
  Total Miss Rate:     39.00%
  Flushes:                  0
  Stat Resets:              0


---------
Page Table depth: 3
Total Instructions: 110293484460

Total Instruction Memory Access: 389530
Total Instruction TLB Miss: 4
Total Instruction L3 Miss: 389518
Total Instruction Page Table Access: 12

Total Data Memory Access: 254589010
Total Data TLB Miss: 721097
Total Data L3 Miss: 252425719
Total Data Page Table Access: 2163291

