ITLB:
   Load Hits:      1585196723
   Load Misses:             4
   Load Accesses:  1585196727
   Load Miss Rate:      0.00%

  Store Hits:               0
  Store Misses:             0
  Store Accesses:           0
  Store Miss Rate:       nan%

  Total Hits:      1585196723
  Total Misses:             4
  Total Accesses:  1585196727
  Total Miss Rate:      0.00%
  Flushes:                  0
  Stat Resets:              0

DTLB:
   Load Hits:       711967840
   Load Misses:        121127
   Load Accesses:   712088967
   Load Miss Rate:      0.02%

  Store Hits:               0
  Store Misses:             0
  Store Accesses:           0
  Store Miss Rate:       nan%

  Total Hits:       711967840
  Total Misses:        121127
  Total Accesses:   712088967
  Total Miss Rate:      0.02%
  Flushes:                  0
  Stat Resets:              0

L1 Instruction Cache:
   Load Hits:      1491900405
   Load Misses:      93296322
   Load Accesses:  1585196727
   Load Miss Rate:      5.89%

  Store Hits:               0
  Store Misses:             0
  Store Accesses:           0
  Store Miss Rate:       nan%

  Total Hits:      1491900405
  Total Misses:      93296322
  Total Accesses:  1585196727
  Total Miss Rate:      5.89%
  Flushes:                  0
  Stat Resets:              0

L1 Data Cache:
   Load Hits:      2120312655
   Load Misses:    1032672535
   Load Accesses:  3152985190
   Load Miss Rate:     32.75%

  Store Hits:      3735238941
  Store Misses:    2413799428
  Store Accesses:  1854071073
  Store Miss Rate:    130.19%

  Total Hits:      1560584300
  Total Misses:    3446471963
  Total Accesses:   712088967
  Total Miss Rate:    483.99%
  Flushes:                  0
  Stat Resets:              0

L2 Unified Cache:
   Load Hits:       831274191
   Load Misses:     294694666
   Load Accesses:  1125968857
   Load Miss Rate:     26.17%

  Store Hits:      2340874972
  Store Misses:      72924456
  Store Accesses:  2413799428
  Store Miss Rate:      3.02%

  Total Hits:      3172149163
  Total Misses:     367619122
  Total Accesses:  3539768285
  Total Miss Rate:     10.39%
  Flushes:                  0
  Stat Resets:              0

L3 Unified Cache:
   Load Hits:       170222574
   Load Misses:     124472092
   Load Accesses:   294694666
   Load Miss Rate:     42.24%

  Store Hits:        31218507
  Store Misses:      41705949
  Store Accesses:    72924456
  Store Miss Rate:     57.19%

  Total Hits:       201441081
  Total Misses:     166178041
  Total Accesses:   367619122
  Total Miss Rate:     45.20%
  Flushes:                  0
  Stat Resets:              0


---------
Page Table depth: 3
Total Instructions: 100369444535

Total Instruction Memory Access: 460578
Total Instruction TLB Miss: 4
Total Instruction L3 Miss: 460566
Total Instruction Page Table Access: 12

Total Data Memory Access: 166080856
Total Data TLB Miss: 121127
Total Data L3 Miss: 165717475
Total Data Page Table Access: 363381

