ITLB:
   Load Hits:      2600247431
   Load Misses:             7
   Load Accesses:  2600247438
   Load Miss Rate:      0.00%

  Store Hits:               0
  Store Misses:             0
  Store Accesses:           0
  Store Miss Rate:       nan%

  Total Hits:      2600247431
  Total Misses:             7
  Total Accesses:  2600247438
  Total Miss Rate:      0.00%
  Flushes:                  0
  Stat Resets:              0

DTLB:
   Load Hits:      2678157734
   Load Misses:            17
   Load Accesses:  2678157751
   Load Miss Rate:      0.00%

  Store Hits:               0
  Store Misses:             0
  Store Accesses:           0
  Store Miss Rate:       nan%

  Total Hits:      2678157734
  Total Misses:            17
  Total Accesses:  2678157751
  Total Miss Rate:      0.00%
  Flushes:                  0
  Stat Resets:              0

L1 Instruction Cache:
   Load Hits:      1689024441
   Load Misses:     911222997
   Load Accesses:  2600247438
   Load Miss Rate:     35.04%

  Store Hits:               0
  Store Misses:             0
  Store Accesses:           0
  Store Miss Rate:       nan%

  Total Hits:      1689024441
  Total Misses:     911222997
  Total Accesses:  2600247438
  Total Miss Rate:     35.04%
  Flushes:                  0
  Stat Resets:              0

L1 Data Cache:
   Load Hits:      2993538015
   Load Misses:    2967196794
   Load Accesses:  1665767513
   Load Miss Rate:    178.13%

  Store Hits:       727592038
  Store Misses:     284798200
  Store Accesses:  1012390238
  Store Miss Rate:     28.13%

  Total Hits:      3721130053
  Total Misses:    3251994994
  Total Accesses:  2678157751
  Total Miss Rate:    121.43%
  Flushes:                  0
  Stat Resets:              0

L2 Unified Cache:
   Load Hits:      3830919756
   Load Misses:      47500035
   Load Accesses:  3878419791
   Load Miss Rate:      1.22%

  Store Hits:       273923063
  Store Misses:      10875137
  Store Accesses:   284798200
  Store Miss Rate:      3.82%

  Total Hits:      4104842819
  Total Misses:      58375172
  Total Accesses:  4163217991
  Total Miss Rate:      1.40%
  Flushes:                  0
  Stat Resets:              0

L3 Unified Cache:
   Load Hits:        45084692
   Load Misses:       2415343
   Load Accesses:    47500035
   Load Miss Rate:      5.08%

  Store Hits:        10823891
  Store Misses:         51246
  Store Accesses:    10875137
  Store Miss Rate:      0.47%

  Total Hits:        55908583
  Total Misses:       2466589
  Total Accesses:    58375172
  Total Miss Rate:      4.23%
  Flushes:                  0
  Stat Resets:              0


---------
Page Table depth: 3
Total Instructions: 1076342071438

Total Instruction Memory Access: 10382
Total Instruction TLB Miss: 7
Total Instruction L3 Miss: 10361
Total Instruction Page Table Access: 21

Total Data Memory Access: 2456279
Total Data TLB Miss: 17
Total Data L3 Miss: 2456228
Total Data Page Table Access: 51

