ITLB:
   Load Hits:      3206244948
   Load Misses:             3
   Load Accesses:  3206244951
   Load Miss Rate:      0.00%

  Store Hits:               0
  Store Misses:             0
  Store Accesses:           0
  Store Miss Rate:       nan%

  Total Hits:      3206244948
  Total Misses:             3
  Total Accesses:  3206244951
  Total Miss Rate:      0.00%
  Flushes:                  0
  Stat Resets:              0

DTLB:
   Load Hits:      1353960933
   Load Misses:       5630446
   Load Accesses:  1359591379
   Load Miss Rate:      0.41%

  Store Hits:               0
  Store Misses:             0
  Store Accesses:           0
  Store Miss Rate:       nan%

  Total Hits:      1353960933
  Total Misses:       5630446
  Total Accesses:  1359591379
  Total Miss Rate:      0.41%
  Flushes:                  0
  Stat Resets:              0

L1 Instruction Cache:
   Load Hits:      3206242499
   Load Misses:          2452
   Load Accesses:  3206244951
   Load Miss Rate:      0.00%

  Store Hits:               0
  Store Misses:             0
  Store Accesses:           0
  Store Miss Rate:       nan%

  Total Hits:      3206242499
  Total Misses:          2452
  Total Accesses:  3206244951
  Total Miss Rate:      0.00%
  Flushes:                  0
  Stat Resets:              0

L1 Data Cache:
   Load Hits:       627503943
   Load Misses:     544731323
   Load Accesses:  1172235266
   Load Miss Rate:     46.47%

  Store Hits:       140472028
  Store Misses:      46884085
  Store Accesses:   187356113
  Store Miss Rate:     25.02%

  Total Hits:       767975971
  Total Misses:     591615408
  Total Accesses:  1359591379
  Total Miss Rate:     43.51%
  Flushes:                  0
  Stat Resets:              0

L2 Unified Cache:
   Load Hits:       364603900
   Load Misses:     180129875
   Load Accesses:   544733775
   Load Miss Rate:     33.07%

  Store Hits:        38775477
  Store Misses:       8108608
  Store Accesses:    46884085
  Store Miss Rate:     17.30%

  Total Hits:       403379377
  Total Misses:     188238483
  Total Accesses:   591617860
  Total Miss Rate:     31.82%
  Flushes:                  0
  Stat Resets:              0

L3 Unified Cache:
   Load Hits:       104454236
   Load Misses:      75675639
   Load Accesses:   180129875
   Load Miss Rate:     42.01%

  Store Hits:          599556
  Store Misses:       7509052
  Store Accesses:     8108608
  Store Miss Rate:     92.61%

  Total Hits:       105053792
  Total Misses:      83184691
  Total Accesses:   188238483
  Total Miss Rate:     44.19%
  Flushes:                  0
  Stat Resets:              0


---------
Page Table depth: 3
Total Instructions: 3206244951

Total Instruction Memory Access: 1497
Total Instruction TLB Miss: 3
Total Instruction L3 Miss: 1488
Total Instruction Page Table Access: 9

Total Data Memory Access: 100074541
Total Data TLB Miss: 5630446
Total Data L3 Miss: 83183203
Total Data Page Table Access: 16891338

