ITLB:
   Load Hits:       192940328
   Load Misses:             6
   Load Accesses:   192940334
   Load Miss Rate:      0.00%

  Store Hits:               0
  Store Misses:             0
  Store Accesses:           0
  Store Miss Rate:       nan%

  Total Hits:       192940328
  Total Misses:             6
  Total Accesses:   192940334
  Total Miss Rate:      0.00%
  Flushes:                  0
  Stat Resets:              0

DTLB:
   Load Hits:       929167223
   Load Misses:        156524
   Load Accesses:   929323747
   Load Miss Rate:      0.02%

  Store Hits:               0
  Store Misses:             0
  Store Accesses:           0
  Store Miss Rate:       nan%

  Total Hits:       929167223
  Total Misses:        156524
  Total Accesses:   929323747
  Total Miss Rate:      0.02%
  Flushes:                  0
  Stat Resets:              0

L1 Instruction Cache:
   Load Hits:       187681178
   Load Misses:       5259156
   Load Accesses:   192940334
   Load Miss Rate:      2.73%

  Store Hits:               0
  Store Misses:             0
  Store Accesses:           0
  Store Miss Rate:       nan%

  Total Hits:       187681178
  Total Misses:       5259156
  Total Accesses:   192940334
  Total Miss Rate:      2.73%
  Flushes:                  0
  Stat Resets:              0

L1 Data Cache:
   Load Hits:        38837721
   Load Misses:    2155967681
   Load Accesses:  2194805402
   Load Miss Rate:     98.23%

  Store Hits:      2418475064
  Store Misses:     611010577
  Store Accesses:  3029485641
  Store Miss Rate:     20.17%

  Total Hits:      2457312785
  Total Misses:    2766978258
  Total Accesses:   929323747
  Total Miss Rate:    297.74%
  Flushes:                  0
  Stat Resets:              0

L2 Unified Cache:
   Load Hits:      3173689349
   Load Misses:    3282504784
   Load Accesses:  2161226837
   Load Miss Rate:    151.88%

  Store Hits:      2916301677
  Store Misses:    1989676196
  Store Accesses:   611010577
  Store Miss Rate:    325.64%

  Total Hits:      1795023730
  Total Misses:     977213684
  Total Accesses:  2772237414
  Total Miss Rate:     35.25%
  Flushes:                  0
  Stat Resets:              0

L3 Unified Cache:
   Load Hits:       478902154
   Load Misses:    2803602630
   Load Accesses:  3282504784
   Load Miss Rate:     85.41%

  Store Hits:      1342156937
  Store Misses:     647519259
  Store Accesses:  1989676196
  Store Miss Rate:     32.54%

  Total Hits:      1821059091
  Total Misses:    3451121889
  Total Accesses:   977213684
  Total Miss Rate:    353.16%
  Flushes:                  0
  Stat Resets:              0


---------
Page Table depth: 3
Total Instructions: 360970193198

Total Instruction Memory Access: 1060085
Total Instruction TLB Miss: 6
Total Instruction L3 Miss: 1060067
Total Instruction Page Table Access: 18

Total Data Memory Access: 3450531394
Total Data TLB Miss: 156524
Total Data L3 Miss: 3450061822
Total Data Page Table Access: 469572

