ITLB:
   Load Hits:       427861015
   Load Misses:             4
   Load Accesses:   427861019
   Load Miss Rate:      0.00%

  Store Hits:               0
  Store Misses:             0
  Store Accesses:           0
  Store Miss Rate:       nan%

  Total Hits:       427861015
  Total Misses:             4
  Total Accesses:   427861019
  Total Miss Rate:      0.00%
  Flushes:                  0
  Stat Resets:              0

DTLB:
   Load Hits:       612053973
   Load Misses:            16
   Load Accesses:   612053989
   Load Miss Rate:      0.00%

  Store Hits:               0
  Store Misses:             0
  Store Accesses:           0
  Store Miss Rate:       nan%

  Total Hits:       612053973
  Total Misses:            16
  Total Accesses:   612053989
  Total Miss Rate:      0.00%
  Flushes:                  0
  Stat Resets:              0

L1 Instruction Cache:
   Load Hits:       427845848
   Load Misses:         15171
   Load Accesses:   427861019
   Load Miss Rate:      0.00%

  Store Hits:               0
  Store Misses:             0
  Store Accesses:           0
  Store Miss Rate:       nan%

  Total Hits:       427845848
  Total Misses:         15171
  Total Accesses:   427861019
  Total Miss Rate:      0.00%
  Flushes:                  0
  Stat Resets:              0

L1 Data Cache:
   Load Hits:      2581506881
   Load Misses:    3128059596
   Load Accesses:  1414599181
   Load Miss Rate:    221.13%

  Store Hits:      2296626706
  Store Misses:    1195795398
  Store Accesses:  3492422104
  Store Miss Rate:     34.24%

  Total Hits:       583166291
  Total Misses:      28887698
  Total Accesses:   612053989
  Total Miss Rate:      4.72%
  Flushes:                  0
  Stat Resets:              0

L2 Unified Cache:
   Load Hits:      3014122158
   Load Misses:     113952609
   Load Accesses:  3128074767
   Load Miss Rate:      3.64%

  Store Hits:       358374277
  Store Misses:     837421121
  Store Accesses:  1195795398
  Store Miss Rate:     70.03%

  Total Hits:      3372496435
  Total Misses:     951373730
  Total Accesses:    28902869
  Total Miss Rate:   3291.62%
  Flushes:                  0
  Stat Resets:              0

L3 Unified Cache:
   Load Hits:       111956513
   Load Misses:       1996096
   Load Accesses:   113952609
   Load Miss Rate:      1.75%

  Store Hits:       780714908
  Store Misses:      56706213
  Store Accesses:   837421121
  Store Miss Rate:      6.77%

  Total Hits:       892671421
  Total Misses:      58702309
  Total Accesses:   951373730
  Total Miss Rate:      6.17%
  Flushes:                  0
  Stat Resets:              0


---------
Page Table depth: 3
Total Instructions: 876601189403

Total Instruction Memory Access: 7708
Total Instruction TLB Miss: 4
Total Instruction L3 Miss: 7696
Total Instruction Page Table Access: 12

Total Data Memory Access: 58694661
Total Data TLB Miss: 16
Total Data L3 Miss: 58694613
Total Data Page Table Access: 48

