ITLB:
   Load Hits:      3267755475
   Load Misses:             4
   Load Accesses:  3267755479
   Load Miss Rate:      0.00%

  Store Hits:               0
  Store Misses:             0
  Store Accesses:           0
  Store Miss Rate:       nan%

  Total Hits:      3267755475
  Total Misses:             4
  Total Accesses:  3267755479
  Total Miss Rate:      0.00%
  Flushes:                  0
  Stat Resets:              0

DTLB:
   Load Hits:      1008444911
   Load Misses:            16
   Load Accesses:  1008444927
   Load Miss Rate:      0.00%

  Store Hits:               0
  Store Misses:             0
  Store Accesses:           0
  Store Miss Rate:       nan%

  Total Hits:      1008444911
  Total Misses:            16
  Total Accesses:  1008444927
  Total Miss Rate:      0.00%
  Flushes:                  0
  Stat Resets:              0

L1 Instruction Cache:
   Load Hits:      3212547572
   Load Misses:      55207907
   Load Accesses:  3267755479
   Load Miss Rate:      1.69%

  Store Hits:               0
  Store Misses:             0
  Store Accesses:           0
  Store Miss Rate:       nan%

  Total Hits:      3212547572
  Total Misses:      55207907
  Total Accesses:  3267755479
  Total Miss Rate:      1.69%
  Flushes:                  0
  Stat Resets:              0

L1 Data Cache:
   Load Hits:       338175764
   Load Misses:    2185425256
   Load Accesses:  2523601020
   Load Miss Rate:     86.60%

  Store Hits:      1466914313
  Store Misses:    1312896890
  Store Accesses:  2779811203
  Store Miss Rate:     47.23%

  Total Hits:      1805090077
  Total Misses:    3498322146
  Total Accesses:  1008444927
  Total Miss Rate:    346.90%
  Flushes:                  0
  Stat Resets:              0

L2 Unified Cache:
   Load Hits:      2025914358
   Load Misses:     214718805
   Load Accesses:  2240633163
   Load Miss Rate:      9.58%

  Store Hits:      1161431548
  Store Misses:     151465342
  Store Accesses:  1312896890
  Store Miss Rate:     11.54%

  Total Hits:      3187345906
  Total Misses:     366184147
  Total Accesses:  3553530053
  Total Miss Rate:     10.30%
  Flushes:                  0
  Stat Resets:              0

L3 Unified Cache:
   Load Hits:       199449644
   Load Misses:      15269161
   Load Accesses:   214718805
   Load Miss Rate:      7.11%

  Store Hits:       144830286
  Store Misses:       6635056
  Store Accesses:   151465342
  Store Miss Rate:      4.38%

  Total Hits:       344279930
  Total Misses:      21904217
  Total Accesses:   366184147
  Total Miss Rate:      5.98%
  Flushes:                  0
  Stat Resets:              0


---------
Page Table depth: 3
Total Instructions: 497188994519

Total Instruction Memory Access: 122818
Total Instruction TLB Miss: 4
Total Instruction L3 Miss: 122806
Total Instruction Page Table Access: 12

Total Data Memory Access: 21781459
Total Data TLB Miss: 16
Total Data L3 Miss: 21781411
Total Data Page Table Access: 48

