runspec v6674 - Copyright 1999-2011 Standard Performance Evaluation Corporation
Using 'linux-suse10-amd64' tools
Reading MANIFEST... 22481 files
Loading runspec modules................
runspec v6674 started at Tue Sep  6 21:05:00 2016 on "x01.recod"
runspec is: /home/alberto/disciplinas/mo601/tools/SPEC/install/bin/runspec
runspec: runspec --config /home/alberto/disciplinas/mo601/mo601-projects/project1/src/Pintools-inscount-linux64-amd64-gcc43+.cfg --size ref --iterations 1 --noreportable --verbose 35 447.dealII
toolset: linux-suse10-amd64

Locating benchmarks...found 31 benchmarks in 6 benchsets.
Reading config file '/home/alberto/disciplinas/mo601/mo601-projects/project1/src/Pintools-inscount-linux64-amd64-gcc43+.cfg'
Running "specperl /home/alberto/disciplinas/mo601/tools/SPEC/install/Docs/sysinfo" to gather system information.
Read 60 total lines from the sysinfo program.
Read 59 usable lines from the sysinfo program.
Variable list for substitution (called from /home/alberto/disciplinas/mo601/tools/SPEC/install/bin/runspec line 169):
 - No variables changed
 - Variables available for interpolation that were not in the last list:
    (From config) $OS = "unix"
    (From config) $absolutely_no_locking = "0"
    (From config) $action = "validate"
    (From config) $allow_extension_override = "0"
    (From config) $backup_config = "1"
    (From config) $basepeak = "yes"
    (From config) $benchdir = "benchspec"
    (From config) @bind = ( numactl -m 0 --physcpubind=0, numactl -m 0 --physcpubind=1, numactl -m 0 --physcpubind=2, numactl -m 0 --physcpubind=3, numactl -m 1 --physcpubind=4, numactl -m 1 --physcpubind=5, numactl -m 1 --physcpubind=6, numactl -m 1 --physcpubind=7 )
    (From config) $bindir = "exe"
    (From config) $build_in_build_dir = "1"
    (From config) $builddir = "build"
    (From config) $bundleaction = ""
    (From config) $bundlename = ""
    (From config) $calctol = "0"
    (From config) $cfidx_flagsurl0 = "44"
    (From config) $cfidx_flagsurl1 = "45"
    (From config) $cfidx_hw_avail = "49"
    (From config) $cfidx_license_num = "50"
    (From config) $cfidx_test_sponsor = "51"
    (From config) $cfidx_tester = "52"
    (From config) $check_integrity = "1"
    (From config) $check_md5 = "1"
    (From config) $check_version = "1"
    (From config) $command_add_redirect = "0"
    (From config) $commanderrfile = "speccmds.err"
    (From config) $commandfile = "speccmds.cmd"
    (From config) $commandoutfile = "speccmds.out"
    (From config) $commandstdoutfile = "speccmds.stdout"
    (From config) $compareerrfile = "compare.err"
    (From config) $comparefile = "compare.cmd"
    (From config) $compareoutfile = "compare.out"
    (From config) $comparestdoutfile = "compare.stdout"
    (From config) $compile_error = "0"
    (From config) $config = "/home/alberto/disciplinas/mo601/mo601-projects/project1/src/Pintools-inscount-linux64-amd64-gcc43+.cfg"
    (From config) $configdir = "config"
    (From config) $configpath = "/home/alberto/disciplinas/mo601/mo601-projects/project1/src/Pintools-inscount-linux64-amd64-gcc43+.cfg"
    (From config) $copies = "1"
    (From config) $datadir = "data"
    (From config) $default_size = "ref"
    (From config) $delay = "0"
    (From config) $deletebinaries = "0"
    (From config) $deletework = "0"
    (From config) $difflines = "10"
    (From config) $dirprot = "511"
    (From config) $endian = "12345678"
    (From config) $env_vars = "0"
    (From config) $exitvals = "spec_exit"
    (From config) $expand_notes = "1"
    (From config) $expid = ""
    (From config) $ext = "gcc46-64bit"
    (From config) $fake = "0"
    (From config) $feedback = "1"
    (From config) @files_read = ( /home/alberto/disciplinas/mo601/mo601-projects/project1/src/Pintools-inscount-linux64-amd64-gcc43+.cfg, specperl $[top]/Docs/sysinfo )
    (From config) $flag_url_base = "http://www.spec.org/auto/cpu2006/flags/"
    (From config) @flagsurl = ( /home/alberto/disciplinas/mo601/tools/SPEC/install/config/flags/Example-gcc4x-flags-revA.xml, /home/alberto/disciplinas/mo601/tools/SPEC/install/config/flags/Example-linux-platform-revA.xml )
    (From config) $flagsurl0 = "/home/alberto/disciplinas/mo601/tools/SPEC/install/config/flags/Example-gcc4x-flags-revA.xml"
    (From config) $flagsurl1 = "/home/alberto/disciplinas/mo601/tools/SPEC/install/config/flags/Example-linux-platform-revA.xml"
    (From config) $help = "0"
    (From config) $http_proxy = ""
    (From config) $http_timeout = "30"
    (From config) $hw_avail = "Dec-9999"
    (From config) $ignore_errors = "yes"
    (From config) $ignore_sigint = "0"
    (From config) $info_wrap_columns = "50"
    (From config) $inputdir = "input"
    (From config) $iterations = "1"
    (From config) $keeptmp = "0"
    (From config) $license_num = "0"
    (From config) $line_width = "0"
    (From config) $locking = "1"
    (From config) $log = "CPU2006"
    (From config) $log_line_width = "0"
    (From config) $log_timestamp = "0"
    (From config) $mach = "default"
    (From config) $mail_reports = "all"
    (From config) $mailcompress = "0"
    (From config) $mailmethod = "smtp"
    (From config) $mailport = "25"
    (From config) $mailserver = "127.0.0.1"
    (From config) $mailto = ""
    (From config) $make = "specmake"
    (From config) $make_no_clobber = "0"
    (From config) $makeflags = ""
    (From config) $max_active_compares = "0"
    (From config) $mean_anyway = "0"
    (From config) $min_report_runs = "3"
    (From config) $minimize_builddirs = "0"
    (From config) $minimize_rundirs = "0"
    (From config) $nc = ""
    (From config) $nc_is_cd = "0"
    (From config) $nc_is_na = "0"
    (From config) $no_input_handler = "close"
    (From config) $no_monitor = ""
    (From config) $note_preenv = "0"
    (From config) $notes_wrap_columns = "0"
    (From config) $notes_wrap_indent = "  "
    (From config) $os_exe_ext = ""
    (From config) $output = "asc"
    (From config) $output_format = "asc,csv,html"
    (From config) $output_root = ""
    (From config) $outputdir = "output"
    (From config) $parallel_setup = "1"
    (From config) $parallel_setup_prefork = ""
    (From config) $parallel_setup_type = "fork"
    (From config) $parallel_test = "0"
    (From config) $parallel_test_submit = "0"
    (From config) $parallel_test_workloads = ""
    (From config) $plain_train = "1"
    (From config) $power = "0"
    (From config) $preenv = "1"
    (From config) $prefix = ""
    (From config) $ranks = "1"
    (From config) $rate = "0"
    (From config) @rawformat_opts = ( --verbose, 35 )
    (From config) $realuser = "alberto"
    (From config) $rebuild = "0"
    (From config) $reftime = "reftime"
    (From config) $reportable = "0"
    (From config) $resultdir = "result"
    (From config) $review = "0"
    (From config) $run = "all"
    (From config) $rundir = "run"
    (From config) $runspec = "/home/alberto/disciplinas/mo601/tools/SPEC/install/bin/runspec --config /home/alberto/disciplinas/mo601/mo601-projects/project1/src/Pintools-inscount-linux64-amd64-gcc43+.cfg --size ref --iterations 1 --noreportable --verbose 35 447.dealII"
    (From config) $safe_eval = "1"
    (From config) $section_specifier_fatal = "1"
    (From config) $sendmail = "/usr/sbin/sendmail"
    (From config) $setpgrp_enabled = "1"
    (From config) $setprocgroup = "1"
    (From config) $setup_error = "0"
    (From config) $shrate = "0"
    (From config) $sigint = "2"
    (From config) $size = "ref"
    (From config) $specdiff = "specdiff"
    (From config) $specmake = "Makefile.YYYtArGeTYYYspec"
    (From config) $specrun = "/home/alberto/disciplinas/mo601/tools/SPEC/install/specinvoke"
    (From config) $speed = "0"
    (From config) $srcalt = ""
    (From config) $srcdir = "src"
    (From config) $stagger = "10"
    (From config) $strict_rundir_verify = "1"
    (From config) $submit_default = "/home/alberto/disciplinas/mo601/tools/pin-3.0-76991-gcc-linux/pin -t /home/alberto/disciplinas/mo601/tools/pin-3.0-76991-gcc-linux/source/tools/ManualExamples/obj-intel64/inscount0.so -o /home/alberto/disciplinas/mo601/mo601-projects/project1/inscount_out/"$benchmark"_"$workload"_inscount.out -- $command"
    (From config) $sysinfo_program = "specperl /home/alberto/disciplinas/mo601/tools/SPEC/install/Docs/sysinfo"
    (From config) $table = "1"
    (From config) $teeout = "yes"
    (From config) $teerunout = "yes"
    (From config) $test_date = "Sep-2016"
    (From config) $test_sponsor = "Test Sponsor (Optional, defaults to hw_vendor)"
    (From config) $tester = "(Optional, defaults to hw_vendor)"
    (From config) $top = "/home/alberto/disciplinas/mo601/tools/SPEC/install"
    (From config) $train_with = "train"
    (From config) $tune = "base"
    (From config) $uid = "10103"
    (From config) $unbuffer = "1"
    (From config) $update-flags = "0"
    (From config) $use_submit_for_speed = "yes"
    (From config) $username = "alberto"
    (From config) @valid_actions = ( buildsetup, runsetup, setup, build, only_run, onlyrun, run, validate, configpp, clean, realclean, trash, clobber, scrub, interclean, report, makebundle, usebundle )
    (From config) @valid_tunes = ( base, peak )
    (From config) $vendor = "anon"
    (From config) $vendor_makefiles = "0"
    (From config) $verbose = "35"
    (From config) $version = "0"
    (From config) $version_url = "http://www.spec.org/auto/cpu2006/current_version"
    (From config) $worklist = "list"
 - No deleted variables
  '447.dealII' added
Retrieving flags file (/home/alberto/disciplinas/mo601/tools/SPEC/install/config/flags/Example-gcc4x-flags-revA.xml)...
Retrieving flags file (/home/alberto/disciplinas/mo601/tools/SPEC/install/config/flags/Example-linux-platform-revA.xml)...
Benchmarks selected: 447.dealII
Compiling Binaries

------------------------------------------------------------------------
  Up to date 447.dealII base gcc46-64bit default


Setting Up Run Directories
  Setting up 447.dealII ref base gcc46-64bit default: Doing REALLY slow MD5 tests for /home/alberto/disciplinas/mo601/tools/SPEC/install/benchspec/CPU2006/447.dealII/run/run_base_ref_gcc46-64bit.0000/DummyData
existing (run_base_ref_gcc46-64bit.0000)

-----------------------------------
Running Benchmarks

-----------------------------------
  Running 447.dealII ref base gcc46-64bit default
Variable list for substitution (called from /home/alberto/disciplinas/mo601/tools/SPEC/install/bin/benchmark.pm line 3064):
 - Variables available for interpolation that have changed since the last list:
    (From config) $basepeak = "1"
    (From config) @files_read = ( /home/alberto/disciplinas/mo601/mo601-projects/project1/src/Pintools-inscount-linux64-amd64-gcc43+.cfg, specperl $[top]/Docs/sysinfo, /home/alberto/disciplinas/mo601/tools/SPEC/install/config/flags/Example-gcc4x-flags-revA.xml, /home/alberto/disciplinas/mo601/tools/SPEC/install/config/flags/Example-linux-platform-revA.xml )
    (From config) $realuser = "your name here"
    (From config) $specrun = "specinvoke"
 - Variables available for interpolation that were not in the last list:
    (From config) @BENCHLANG = ( CXX )
    (From config) $BENCH_CXXFLAGS = "-Iinclude -DBOOST_DISABLE_THREADS -Ddeal_II_dimension=3"
    (From config) $CC = "/usr/bin/gcc"
    (From config) $COPTIMIZE = "-O2 -fno-strict-aliasing"
    (From config) $CXX = "/usr/bin/g++"
    (From config) $CXXOPTIMIZE = "-O2 -fno-strict-aliasing"
    (From config) @EXEBASE = ( dealII )
    (From config) $FC = "/usr/bin/gfortran"
    (From config) $FOPTIMIZE = "-O2 -fno-strict-aliasing"
    (From config) $FPBASE = "yes"
    (From config) $PORTABILITY = "-DSPEC_CPU_LP64"
    (From config) $abstol = "1e-07"
    (From config) @allBENCHLANG = ( CXX )
    (From config) $baggage = ""
    (From config) @base_exe = ( dealII )
    (From config) $baseexe = "dealII"
    (From config) $benchmark = "447.dealII"
    (From config) @benchset_list = (  )
    (From config) $binary = ""
    (From config) @bundle_files = (  )
    (From config) $cfidx_hw_cpu_char = "92"
    (From config) $cfidx_hw_cpu_mhz = "93"
    (From config) $cfidx_hw_cpu_name = "214"
    (From config) $cfidx_hw_disk = "215"
    (From config) $cfidx_hw_fpu = "94"
    (From config) $cfidx_hw_memory001 = "216"
    (From config) $cfidx_hw_memory002 = "217"
    (From config) $cfidx_hw_model = "91"
    (From config) $cfidx_hw_nchips = "218"
    (From config) $cfidx_hw_ncores = "95"
    (From config) $cfidx_hw_ncoresperchip = "96"
    (From config) $cfidx_hw_ncpuorder = "98"
    (From config) $cfidx_hw_nthreadspercore = "97"
    (From config) $cfidx_hw_ocache = "102"
    (From config) $cfidx_hw_other = "104"
    (From config) $cfidx_hw_pcache = "99"
    (From config) $cfidx_hw_scache = "100"
    (From config) $cfidx_hw_tcache = "101"
    (From config) $cfidx_hw_vendor = "103"
    (From config) $cfidx_notes_os_000 = "128"
    (From config) $cfidx_notes_plat_sysinfo_000 = "165"
    (From config) $cfidx_notes_plat_sysinfo_005 = "166"
    (From config) $cfidx_notes_plat_sysinfo_010 = "167"
    (From config) $cfidx_notes_plat_sysinfo_015 = "168"
    (From config) $cfidx_notes_plat_sysinfo_020 = "169"
    (From config) $cfidx_notes_plat_sysinfo_025 = "170"
    (From config) $cfidx_notes_plat_sysinfo_030 = "171"
    (From config) $cfidx_notes_plat_sysinfo_035 = "172"
    (From config) $cfidx_notes_plat_sysinfo_040 = "173"
    (From config) $cfidx_notes_plat_sysinfo_045 = "174"
    (From config) $cfidx_notes_plat_sysinfo_050 = "175"
    (From config) $cfidx_notes_plat_sysinfo_055 = "176"
    (From config) $cfidx_notes_plat_sysinfo_060 = "177"
    (From config) $cfidx_notes_plat_sysinfo_065 = "178"
    (From config) $cfidx_notes_plat_sysinfo_070 = "179"
    (From config) $cfidx_notes_plat_sysinfo_075 = "180"
    (From config) $cfidx_notes_plat_sysinfo_080 = "181"
    (From config) $cfidx_notes_plat_sysinfo_085 = "182"
    (From config) $cfidx_notes_plat_sysinfo_090 = "183"
    (From config) $cfidx_notes_plat_sysinfo_095 = "184"
    (From config) $cfidx_notes_plat_sysinfo_100 = "185"
    (From config) $cfidx_notes_plat_sysinfo_105 = "186"
    (From config) $cfidx_notes_plat_sysinfo_110 = "187"
    (From config) $cfidx_notes_plat_sysinfo_115 = "188"
    (From config) $cfidx_notes_plat_sysinfo_120 = "189"
    (From config) $cfidx_notes_plat_sysinfo_125 = "190"
    (From config) $cfidx_notes_plat_sysinfo_130 = "191"
    (From config) $cfidx_notes_plat_sysinfo_135 = "192"
    (From config) $cfidx_notes_plat_sysinfo_140 = "193"
    (From config) $cfidx_notes_plat_sysinfo_145 = "194"
    (From config) $cfidx_notes_plat_sysinfo_150 = "195"
    (From config) $cfidx_notes_plat_sysinfo_155 = "196"
    (From config) $cfidx_notes_plat_sysinfo_160 = "197"
    (From config) $cfidx_notes_plat_sysinfo_165 = "198"
    (From config) $cfidx_notes_plat_sysinfo_170 = "199"
    (From config) $cfidx_notes_plat_sysinfo_175 = "200"
    (From config) $cfidx_notes_plat_sysinfo_180 = "201"
    (From config) $cfidx_notes_plat_sysinfo_185 = "202"
    (From config) $cfidx_notes_plat_sysinfo_190 = "203"
    (From config) $cfidx_notes_plat_sysinfo_195 = "204"
    (From config) $cfidx_notes_plat_sysinfo_200 = "205"
    (From config) $cfidx_notes_plat_sysinfo_205 = "206"
    (From config) $cfidx_notes_plat_sysinfo_210 = "207"
    (From config) $cfidx_notes_plat_sysinfo_215 = "208"
    (From config) $cfidx_notes_plat_sysinfo_220 = "209"
    (From config) $cfidx_notes_plat_sysinfo_225 = "210"
    (From config) $cfidx_notes_plat_sysinfo_230 = "211"
    (From config) $cfidx_notes_plat_sysinfo_235 = "212"
    (From config) $cfidx_notes_plat_sysinfo_240 = "213"
    (From config) $cfidx_notes_submit_000 = "125"
    (From config) $cfidx_notes_submit_005 = "126"
    (From config) $cfidx_prepared_by = "219"
    (From config) $cfidx_sw_avail = "117"
    (From config) $cfidx_sw_base_ptrsize = "119"
    (From config) $cfidx_sw_compiler = "111"
    (From config) $cfidx_sw_file = "220"
    (From config) $cfidx_sw_os001 = "221"
    (From config) $cfidx_sw_os002 = "222"
    (From config) $cfidx_sw_other = "118"
    (From config) $cfidx_sw_peak_ptrsize = "120"
    (From config) $cfidx_sw_state = "223"
    (From config) $clean_between_builds = "no"
    (From config) $command = "..ÿrun_base_ref_gcc46-64bit.0000ÿdealII_base.gcc46-64bit 23"
    (From config) $commandexe = "..ÿrun_base_ref_gcc46-64bit.0000ÿdealII_base.gcc46-64bit"
    (From config) $compwhite = ""
    (From config) @copylist = ( 1 )
    (From config) $copynum = "0"
    (From config) $dependent_workloads = "0"
    (From config) @dirlist = ( Spec::Listfile::entry=HASH(0x3d80a40) )
    (From config) $exemd5 = "cfce2f654f9b47608977a9156730b72a"
    (From config) @extlist = ( gcc46-64bit )
    (From config) $fdocommand = ""
    (From config) $floatcompare = ""
    (From config) $hw_cpu_char = ""
    (From config) $hw_cpu_mhz = "9999"
    (From config) $hw_cpu_name = "Intel Xeon E5645"
    (From config) $hw_disk = "81 TB  add more disk info here"
    (From config) $hw_fpu = "Integrated"
    (From config) $hw_memory001 = "23.539 GB fixme: If using DDR3, format is:"
    (From config) $hw_memory002 = "'N GB (M x N GB nRxn PCn-nnnnnR-n, ECC)'"
    (From config) $hw_model = "System Model Name"
    (From config) $hw_nchips = "1"
    (From config) $hw_ncores = "number of cores enabled"
    (From config) $hw_ncoresperchip = "number of cores manufactured into each chip"
    (From config) $hw_ncpuorder = "1,2 chips"
    (From config) $hw_nthreadspercore = "number of threads enabled per core"
    (From config) $hw_ocache = "None"
    (From config) $hw_other = "None"
    (From config) $hw_pcache = "9999 KB I + 9999 KB D on chip per core"
    (From config) $hw_scache = "9999 KB I+D on chip per core"
    (From config) $hw_tcache = "9999 MB I+D on chip per chip"
    (From config) $hw_vendor = "System Vendor"
    (From config) $ignorecase = ""
    (From hash) $iter = "0"
    (From config) $iteration = "-1"
    (From config) @iterlist = ( 1 )
    (From config) $logname = "/home/alberto/disciplinas/mo601/tools/SPEC/install/result/CPU2006.077.log"
    (From config) $lognum = "077"
    (From config) @machlist = ( default )
    (From config) $monitor_specrun_wrapper = ""
    (From config) $monitor_wrapper = ""
    (From config) $name = "dealII"
    (From config) $need_math = ""
    (From config) $notes_os_000 = "'ulimit -s unlimited' was used to set environment stack size"
    (From config) $notes_plat_sysinfo_000 = " Sysinfo program /home/alberto/disciplinas/mo601/tools/SPEC/install/Docs/sysinfo"
    (From config) $notes_plat_sysinfo_005 = " $Rev: 6775 $ $Date:: 2011-08-16 #$ 8787f7622badcf24e01c368b1db4377c"
    (From config) $notes_plat_sysinfo_010 = " running on x01.recod Tue Sep  6 21:05:01 2016"
    (From config) $notes_plat_sysinfo_015 = ""
    (From config) $notes_plat_sysinfo_020 = " This section contains SUT (System Under Test) info as seen by"
    (From config) $notes_plat_sysinfo_025 = " some common utilities.  To remove or add to this section, see:"
    (From config) $notes_plat_sysinfo_030 = "   http://www.spec.org/cpu2006/Docs/config.html#sysinfo"
    (From config) $notes_plat_sysinfo_035 = ""
    (From config) $notes_plat_sysinfo_040 = " From /proc/cpuinfo"
    (From config) $notes_plat_sysinfo_045 = "    model name : Intel(R) Xeon(R) CPU E5645 @ 2.40GHz"
    (From config) $notes_plat_sysinfo_050 = "       1 "physical id"s (chips)"
    (From config) $notes_plat_sysinfo_055 = "       12 "processors""
    (From config) $notes_plat_sysinfo_060 = "    cores, siblings (Caution: counting these is hw and system dependent.  The"
    (From config) $notes_plat_sysinfo_065 = "    following excerpts from /proc/cpuinfo might not be reliable.  Use with"
    (From config) $notes_plat_sysinfo_070 = "    caution.)"
    (From config) $notes_plat_sysinfo_075 = "       cpu cores : 6"
    (From config) $notes_plat_sysinfo_080 = "       siblings  : 12"
    (From config) $notes_plat_sysinfo_085 = "       physical 0: cores 0 1 2 8 9 10"
    (From config) $notes_plat_sysinfo_090 = "    cache size : 12288 KB"
    (From config) $notes_plat_sysinfo_095 = ""
    (From config) $notes_plat_sysinfo_100 = " From /proc/meminfo"
    (From config) $notes_plat_sysinfo_105 = "    MemTotal:       24682160 kB"
    (From config) $notes_plat_sysinfo_110 = "    HugePages_Total:       0"
    (From config) $notes_plat_sysinfo_115 = "    Hugepagesize:       2048 kB"
    (From config) $notes_plat_sysinfo_120 = ""
    (From config) $notes_plat_sysinfo_125 = " /usr/bin/lsb_release -d"
    (From config) $notes_plat_sysinfo_130 = "    Ubuntu 12.04.5 LTS"
    (From config) $notes_plat_sysinfo_135 = ""
    (From config) $notes_plat_sysinfo_140 = " From /etc/*release* /etc/*version*"
    (From config) $notes_plat_sysinfo_145 = "    debian_version: wheezy/sid"
    (From config) $notes_plat_sysinfo_150 = "    os-release:"
    (From config) $notes_plat_sysinfo_155 = "       NAME="Ubuntu""
    (From config) $notes_plat_sysinfo_160 = "       VERSION="12.04.5 LTS, Precise Pangolin""
    (From config) $notes_plat_sysinfo_165 = "       ID=ubuntu"
    (From config) $notes_plat_sysinfo_170 = "       ID_LIKE=debian"
    (From config) $notes_plat_sysinfo_175 = "       PRETTY_NAME="Ubuntu precise (12.04.5 LTS)""
    (From config) $notes_plat_sysinfo_180 = "       VERSION_ID="12.04""
    (From config) $notes_plat_sysinfo_185 = ""
    (From config) $notes_plat_sysinfo_190 = " uname -a:"
    (From config) $notes_plat_sysinfo_195 = "    Linux x01.recod 3.5.0-54-generic #81~precise1-Ubuntu SMP Tue Jul 15 04:02:22"
    (From config) $notes_plat_sysinfo_200 = "    UTC 2014 x86_64 x86_64 x86_64 GNU/Linux"
    (From config) $notes_plat_sysinfo_205 = ""
    (From config) $notes_plat_sysinfo_210 = " run-level 2 Jul 18 10:31"
    (From config) $notes_plat_sysinfo_215 = ""
    (From config) $notes_plat_sysinfo_220 = " SPEC is set to: /home/alberto/disciplinas/mo601/tools/SPEC/install"
    (From config) $notes_plat_sysinfo_225 = "    Filesystem                    Type  Size  Used Avail Use% Mounted on"
    (From config) $notes_plat_sysinfo_230 = "    storage.recod:/l/home/alberto nfs    81T   32T   49T  40% /home/alberto"
    (From config) $notes_plat_sysinfo_235 = ""
    (From config) $notes_plat_sysinfo_240 = " (End of data from sysinfo program)"
    (From config) $notes_submit_000 = "'numactl' was used to bind copies to the cores."
    (From config) $notes_submit_005 = "See the configuration file for details."
    (From config) $num = "447"
    (From config) $obiwan = ""
    (From config) $optmd5 = "cbd31d8fb5b80a1d2a71a26474feee1f"
    (From config) $path = "/home/alberto/disciplinas/mo601/tools/SPEC/install/benchspec/CPU2006/447.dealII"
    (From config) @powermeterlist = (  )
    (From config) $prepared_by = "alberto  (is never output, only tags rawfile)"
    (From config) $ref_added = "config.pl:1183"
    (From config) $size_class = "ref"
    (From config) @sizelist = ( ref )
    (From config) $skipabstol = ""
    (From config) $skipobiwan = ""
    (From config) $skipreltol = ""
    (From config) $skiptol = ""
    (From config) $smarttune = "base"
    (From config) @sources = ( auto_derivative_function.cc, block_sparse_matrix.cc, block_sparse_matrix_ez.cc, block_sparsity_pattern.cc, block_vector.cc, compressed_sparsity_pattern.cc, data_out.cc, data_out_base.cc, data_out_faces.cc, data_out_rotation.cc, data_out_stack.cc, derivative_approximation.cc, dof_accessor.cc, dof_constraints.cc, dof_handler.cc, dof_levels.cc, dof_renumbering.cc, dof_tools.cc, error_estimator.cc, exceptions.cc, fe.cc, fe_data.cc, fe_dgp.cc, fe_dgp_1d.cc, fe_dgp_2d.cc, fe_dgp_3d.cc, fe_dgp_nonparametric.cc, fe_dgq.cc, fe_dgq_1d.cc, fe_dgq_2d.cc, fe_dgq_3d.cc, fe_nedelec.cc, fe_nedelec_1d.cc, fe_nedelec_2d.cc, fe_nedelec_3d.cc, fe_q.cc, fe_q_1d.cc, fe_q_2d.cc, fe_q_3d.cc, fe_q_hierarchical.cc, fe_raviart_thomas.cc, fe_system.cc, fe_tools.cc, fe_values.cc, filtered_matrix.cc, full_matrix.double.cc, full_matrix.float.cc, function.cc, function_derivative.cc, function_lib.cc, function_lib_cutoff.cc, function_time.cc, geometry_info.cc, grid_generator.cc, grid_in.cc, grid_out.all_dimensions.cc, grid_out.cc, grid_refinement.cc, grid_reordering.cc, histogram.cc, intergrid_map.cc, job_identifier.cc, log.cc, mapping.cc, mapping_c1.cc, mapping_cartesian.cc, mapping_q.cc, mapping_q1.cc, mapping_q1_eulerian.cc, matrices.all_dimensions.cc, matrices.cc, matrix_lib.cc, matrix_out.cc, memory_consumption.cc, mg_base.cc, mg_dof_accessor.cc, mg_dof_handler.cc, mg_dof_tools.cc, mg_smoother.cc, mg_transfer_block.cc, mg_transfer_prebuilt.cc, mg_transfer_block.all_dimensions.cc, multigrid.all_dimensions.cc, multithread_info.cc, parameter_handler.cc, persistent_tria.cc, polynomial.cc, polynomial_space.cc, programid.cc, quadrature.cc, quadrature_lib.cc, solution_transfer.cc, solver_control.cc, sparse_matrix.double.cc, sparse_matrix.float.cc, sparse_matrix_ez.double.cc, sparse_matrix_ez.float.cc, sparsity_pattern.cc, step-14.cc, subscriptor.cc, swappable_vector.cc, tensor.cc, tensor_product_polynomials.cc, tria.all_dimensions.cc, tria.cc, tria_accessor.cc, tria_boundary.cc, tria_boundary_lib.cc, vector.cc, vector.long_double.cc, vectors.all_dimensions.cc, fe_dgp_monomial.cc, fe_poly.cc, polynomials_bdm.cc, polynomials_p.cc, fe_dgp_monomial.cc, fe_poly.cc, polynomials_bdm.cc, polynomials_p.cc, vectors.cc )
    (From config) $srcsource = "/home/alberto/disciplinas/mo601/tools/SPEC/install/benchspec/CPU2006/447.dealII/src"
    (From config) $sw_avail = "Mar-2011"
    (From config) $sw_base_ptrsize = "64-bit"
    (From config) $sw_compiler = "gcc, g++ & gfortran 4.6.0"
    (From config) $sw_file = "nfs"
    (From config) $sw_os001 = "Ubuntu 12.04.5 LTS"
    (From config) $sw_os002 = "3.5.0-54-generic"
    (From config) $sw_other = "None"
    (From config) $sw_peak_ptrsize = "64-bit"
    (From config) $sw_state = "Run level 2 (add definition here)"
    (From config) @tempmeterlist = (  )
    (From config) @tunelist = ( base )
    (From hash) $workload = "0"
 - Variables from the previous list that are NO LONGER AVAILABLE:
    $config
**WARNING: environment variable 'TERMCAP' contains embedded CR or LF; they will be converted to spaces
Issuing command '/home/alberto/disciplinas/mo601/tools/SPEC/install/bin/specinvoke -d /home/alberto/disciplinas/mo601/tools/SPEC/install/benchspec/CPU2006/447.dealII/run/run_base_ref_gcc46-64bit.0000 -e speccmds.err -o speccmds.stdout -f speccmds.cmd -C -q'
/home/alberto/disciplinas/mo601/tools/SPEC/install/bin/specinvoke -d /home/alberto/disciplinas/mo601/tools/SPEC/install/benchspec/CPU2006/447.dealII/run/run_base_ref_gcc46-64bit.0000 -e speccmds.err -o speccmds.stdout -f speccmds.cmd -C -q
Start command: Tue Sep  6 21:05:04 2016 (1473206704)
Stop command: Tue Sep  6 22:30:50 2016 (1473211850)
Elapsed time for command: 01:25:46 (5146)
Workload elapsed time (0:1) = 5137.692805 seconds
Copy 0 of 447.dealII (base ref) run 1 finished at Tue Sep  6 22:30:42 2016.  Total elapsed time: 5137.692805
Issuing command '/home/alberto/disciplinas/mo601/tools/SPEC/install/bin/specinvoke -E -d /home/alberto/disciplinas/mo601/tools/SPEC/install/benchspec/CPU2006/447.dealII/run/run_base_ref_gcc46-64bit.0000 -c 1 -e compare.err -o compare.stdout -f compare.cmd'
/home/alberto/disciplinas/mo601/tools/SPEC/install/bin/specinvoke -E -d /home/alberto/disciplinas/mo601/tools/SPEC/install/benchspec/CPU2006/447.dealII/run/run_base_ref_gcc46-64bit.0000 -c 1 -e compare.err -o compare.stdout -f compare.cmd
Start command: Tue Sep  6 22:30:52 2016 (1473211852)
Stop command: Tue Sep  6 22:32:30 2016 (1473211950)
Elapsed time for command: 00:01:38 (98)
 Success 447.dealII base ref ratio=2.23, runtime=5137.692875, power=0.00w, temp=0.00 deg, humidity=0.00%
Success: 1x447.dealII
Producing Raw Reports
mach: default
  ext: gcc46-64bit
    size: ref
      set: int
      set: fp
Variable list for substitution (called from /home/alberto/disciplinas/mo601/tools/SPEC/install/bin/benchset.pm line 458):
 - Variables available for interpolation that have changed since the last list:
    (From config) $exemd5 = "c3b3b0899fabc79a531b7b96f0f284c8"
    (From config) $optmd5 = "f8c4106c1dd2a607a2c496fa17e54226"
 - Variables available for interpolation that were not in the last list:
    (From config) $CPORTABILITY = "-DSPEC_CPU_CASE_FLAG -DSPEC_CPU_LINUX"
    (From config) $config = "/home/alberto/disciplinas/mo601/mo601-projects/project1/src/Pintools-inscount-linux64-amd64-gcc43+.cfg"
 - Variables from the previous list that are NO LONGER AVAILABLE:
    @BENCHLANG
    $BENCH_CXXFLAGS
    @EXEBASE
    $FPBASE
    $abstol
    @allBENCHLANG
    @base_exe
    $baseexe
    $benchmark
    $binary
    $clean_between_builds
    $command
    $commandexe
    $compwhite
    $copynum
    $dependent_workloads
    @dirlist
    $fdocommand
    $floatcompare
    $ignorecase
    $iter
    $iteration
    $monitor_specrun_wrapper
    $monitor_wrapper
    $name
    $need_math
    $num
    $obiwan
    $path
    $size_class
    $skipabstol
    $skipobiwan
    $skipreltol
    $skiptol
    $smarttune
    @sources
    $srcsource
    $workload
        format: raw -> /home/alberto/disciplinas/mo601/tools/SPEC/install/result/CFP2006.077.ref.rsf
rawformat started at Tue Sep  6 22:32:31 2016 on "x01.recod"
rawformat is: /home/alberto/disciplinas/mo601/tools/SPEC/install/bin/rawformat
rawformat: rawformat --output_format asc:csv:html --from_runspec --opts-file /home/alberto/disciplinas/mo601/tools/SPEC/install/result/CFP2006.077.ref.rsf.opts --verbose 35 /home/alberto/disciplinas/mo601/tools/SPEC/install/result/CFP2006.077.ref.rsf
toolset: linux-suse10-amd64

Stored config: Updating "notes_plat_sysinfo_005"
Parsing flags for 447.dealII base: done in 1.8556590s
Doing flag reduction: done in 0.0024381s
        format: flags -> /home/alberto/disciplinas/mo601/tools/SPEC/install/result/CFP2006.077.ref.flags.html
        format: ASCII -> /home/alberto/disciplinas/mo601/tools/SPEC/install/result/CFP2006.077.ref.txt
        format: CSV -> /home/alberto/disciplinas/mo601/tools/SPEC/install/result/CFP2006.077.ref.csv
        format: HTML -> /home/alberto/disciplinas/mo601/tools/SPEC/install/result/CFP2006.077.ref.html, /home/alberto/disciplinas/mo601/tools/SPEC/install/result/CFP2006.077.ref.gif

The log for this run is in /home/alberto/disciplinas/mo601/tools/SPEC/install/result/CPU2006.077.log

runspec finished at Tue Sep  6 22:32:42 2016; 5262 total seconds elapsed
